Final centers:
DenseVector(45.48088326077906, -45.049345386401484, 2444977.495871904)
DenseVector(45.74600215877935, 4.346375331310284, 75888.96644295302)
DenseVector(48.99707427828012, 12.485717915340853, 61.97661028153516)
DenseVector(28.733301463145825, 48.888639641217175, 488.06923130141644)
DenseVector(38.3455983577414, -113.54747869307347, 70.36824658088725)
DenseVector(50.77303851997756, -1.5800448337293735, 908.3842570843121)
DenseVector(50.632151010957266, 16.007254083341046, 36.64341763939198)
DenseVector(36.410144949574715, -79.40135077559317, 34.610958580821155)
DenseVector(-15.0710079494111, 27.331843777071967, 46.46262067016106)
DenseVector(35.74977749735304, 137.24409743781007, 45.43247448967332)
DenseVector(39.93124815548631, -73.07192492374254, 20.287800896316224)
DenseVector(36.26510035487645, 131.63291487766742, 144.6124595107354)
DenseVector(-27.708967506721912, 133.66108924269886, 32.160538382452934)
DenseVector(38.86355904462542, -111.72899813296364, 1293020.8095238095)
DenseVector(51.84117888674024, 12.612420916070045, 6446.173857930695)
DenseVector(39.14965843508555, -122.26074980122725, 28.086420402780877)
DenseVector(35.95013795139542, 138.5900694709933, 19.525102536405008)
DenseVector(27.31403143202711, 79.11608653314075, 37.64382921821052)
DenseVector(48.520695408291175, 2.938360595603211, 28.421510252052613)
DenseVector(40.323996944444445, -70.76965819444447, 503699.5833333333)