Final centers:
DenseVector(45.48088326077906, -45.049345386401484, 2444977.495871904)
DenseVector(45.74600215877935, 4.346375331310283, 75888.96644295302)
DenseVector(48.99707427828012, 12.485717915340851, 61.97661028153516)
DenseVector(28.733301463145825, 48.88863964121718, 488.06923130141644)
DenseVector(38.34559835774138, -113.54747869307347, 70.36824658088725)
DenseVector(50.77303851997758, -1.5800448337293767, 908.384257084312)
DenseVector(50.632151010957266, 16.007254083341046, 36.64341763939198)
DenseVector(36.41014494957473, -79.40135077559312, 34.61095858082117)
DenseVector(-15.071007949411104, 27.331843777071963, 46.46262067016106)
DenseVector(35.74977749735304, 137.24409743781004, 45.432474489673304)
DenseVector(39.931248155486315, -73.07192492374251, 20.287800896316224)
DenseVector(36.265100354876466, 131.63291487766736, 144.61245951073545)
DenseVector(-27.708967506721912, 133.66108924269886, 32.160538382452934)
DenseVector(38.86355904462542, -111.72899813296364, 1293020.8095238095)
DenseVector(51.84117888674025, 12.612420916070041, 6446.173857930694)
DenseVector(39.14965843508557, -122.2607498012272, 28.08642040278086)
DenseVector(35.95013795139544, 138.59006947099334, 19.52510253640502)
DenseVector(27.31403143202712, 79.11608653314076, 37.64382921821052)
DenseVector(48.5206954082912, 2.938360595603211, 28.4215102520526)
DenseVector(40.323996944444445, -70.76965819444447, 503699.5833333333)