********** Final centers computed for k=1 **********
1 -> DenseVector(42.50326943387024, 27.707121592644643, 48.36499005390176)
********** Final centers computed for k=2 **********
2 -> DenseVector(35.17191258214483, 136.73788939225645, 44.813685639778555)
1 -> DenseVector(46.48146980233307, -31.456038706797024, 50.292027683425495)
********** Final centers computed for k=3 **********
2 -> DenseVector(39.963310739444466, -104.50020936131509, 32.268074794613355)
1 -> DenseVector(50.14593597438279, 13.362365501277598, 67.50147861704764)
3 -> DenseVector(34.90215437542237, 137.88185700941986, 36.15034505496826)
********** Final centers computed for k=4 **********
2 -> DenseVector(39.96608409278048, -104.6103260932152, 39.291129270683854)
4 -> DenseVector(38.301767349243164, -122.72929225248448, 1292021.8823529412)
1 -> DenseVector(50.305333254536265, 12.766770707273132, 37.275669447607136)
3 -> DenseVector(35.050348441980184, 137.2933611164836, 51.97646781370056)
********** Final centers computed for k=5 **********
2 -> DenseVector(50.303009121825305, 12.77722626628146, 37.32805268017518)
5 -> DenseVector(38.301767349243164, -122.72929225248448, 1292021.8823529412)
4 -> DenseVector(34.880642114436355, 138.1338640663709, 36.6006236151266)
1 -> DenseVector(42.913238719281914, 47.554649537694125, 803.3241568660148)
3 -> DenseVector(39.957538346121666, -104.50573843704471, 32.76214784073167)
********** Final centers computed for k=6 **********
2 -> DenseVector(38.301767349243164, -122.72929225248448, 1292021.8823529412)
5 -> DenseVector(34.79188608582862, 138.04075256939598, 32.51453890509177)
4 -> DenseVector(39.96234096572786, -104.49843101624448, 32.28742427932292)
1 -> DenseVector(37.89131305477684, 122.51318950247585, 197.3797340785908)
3 -> DenseVector(50.30057530496007, 12.746827732322217, 36.781538696044315)
6 -> DenseVector(45.00522776849038, 35.52207040486734, 872.1872667564821)
********** Final centers computed for k=7 **********
2 -> DenseVector(38.301767349243164, -122.72929225248448, 1292021.8823529412)
5 -> DenseVector(40.38290323654846, -73.81336529174872, 27.376574480046987)
4 -> DenseVector(39.739045049748604, -120.78283293602347, 34.90151113171556)
7 -> DenseVector(45.00522776849038, 35.52207040486734, 872.1872667564821)
1 -> DenseVector(37.890913133201565, 122.59960282216412, 197.3542852785685)
3 -> DenseVector(50.300575491223114, 12.746828080122455, 36.781827285038396)
6 -> DenseVector(34.79188608582862, 138.04075256939598, 32.51453890509177)
********** Final centers computed for k=8 **********
8 -> DenseVector(44.8083957670565, 36.51153713837068, 847.5360155089904)
2 -> DenseVector(39.548268717620076, -46.64936688338844, 41684.03846153846)
5 -> DenseVector(39.73895680705989, -120.78239691426894, 34.91424501968326)
4 -> DenseVector(50.30057314574803, 12.746373772810285, 36.77815590999538)
7 -> DenseVector(34.78785493003013, 138.03695337407441, 32.389927545305525)
1 -> DenseVector(37.91330437431104, 123.65470849624981, 191.0631258378987)
3 -> DenseVector(38.301767349243164, -122.72929225248448, 1292021.8823529412)
6 -> DenseVector(40.382843359097876, -73.81352120582284, 27.37650287802021)
********** Final centers computed for k=9 **********
8 -> DenseVector(34.78779112237372, 138.0368882579938, 32.39007522121961)
2 -> DenseVector(37.815758233306056, 124.43743125017238, 191.36762964322054)
5 -> DenseVector(51.443245027006284, 11.130394215022969, 31.3946677655771)
4 -> DenseVector(38.301767349243164, -122.72929225248448, 1292021.8823529412)
7 -> DenseVector(40.38283756593317, -73.81352976545571, 27.375997588455046)
1 -> DenseVector(46.93354867791557, 17.51825685383992, 52.77630655308389)
9 -> DenseVector(44.808663944147746, 36.50664701450846, 847.5518982955749)
3 -> DenseVector(39.548268717620076, -46.64936688338844, 41684.03846153846)
6 -> DenseVector(39.73891642019948, -120.78309723578074, 34.9123691747965)
********** Final centers computed for k=10 **********
8 -> DenseVector(40.382413271528904, -73.81227148756132, 27.3720733227521)
2 -> DenseVector(48.47003160003291, 34.65734026662965, 1272.889100759916)
5 -> DenseVector(38.301767349243164, -122.72929225248448, 1292021.8823529412)
4 -> DenseVector(39.548268717620076, -46.64936688338844, 41684.03846153846)
7 -> DenseVector(39.736162358085124, -120.77189240852694, 35.14525257647443)
10 -> DenseVector(41.42736604354962, 48.500014117146364, 660.0639724446971)
1 -> DenseVector(46.930547527740096, 17.521441457158645, 52.83179418649949)
9 -> DenseVector(34.787315123088696, 138.03903143562277, 32.012413713139495)
3 -> DenseVector(37.92229013832357, 132.31576964119023, 148.9809239044191)
6 -> DenseVector(51.44157636153019, 11.132705321336863, 31.40164323243958)
