********** Final centers computed for k=1 **********
1 -> DenseVector(41.472095300618854, 21.28438950987533, 57.088499099220364)
********** Final centers computed for k=2 **********
2 -> DenseVector(42.180655932697206, 74.26708069697783, 35.41508413076761)
1 -> DenseVector(39.89453215443442, -96.67805037124977, 105.34291677710179)
********** Final centers computed for k=3 **********
2 -> DenseVector(45.37552268408136, -43.69535462248663, 38.387489752040494)
1 -> DenseVector(38.301767349243164, -122.72929225248448, 1292021.8823529412)
3 -> DenseVector(34.66893590960598, 134.5401061924452, 59.56042584109915)
********** Final centers computed for k=4 **********
2 -> DenseVector(38.301767349243164, -122.72929225248448, 1292021.8823529412)
4 -> DenseVector(50.35845717832732, 11.02130918860113, 35.899317101065165)
1 -> DenseVector(34.269780547378694, 136.2951430262386, 58.90861864853449)
3 -> DenseVector(39.83033242880166, -104.51812900097414, 42.57186506349422)
********** Final centers computed for k=5 **********
2 -> DenseVector(38.301767349243164, -122.72929225248448, 1292021.8823529412)
5 -> DenseVector(41.05663783743089, 50.60510076392199, 789.5444062743063)
4 -> DenseVector(50.357490053771365, 11.023169425646904, 35.957866976742075)
1 -> DenseVector(34.04464277604393, 137.16286640202298, 34.818916561618614)
3 -> DenseVector(39.81418395801188, -104.34473081341932, 32.27489443816118)
********** Final centers computed for k=6 **********
2 -> DenseVector(38.301767349243164, -122.72929225248448, 1292021.8823529412)
5 -> DenseVector(50.357490053771365, 11.023169425646904, 35.957866976742075)
4 -> DenseVector(39.677985879439, -73.89568957124881, 27.126602361915214)
1 -> DenseVector(34.04461999102675, 137.16284415161277, 34.81919079199479)
3 -> DenseVector(39.889677719813456, -121.24003415632235, 35.14565060877881)
6 -> DenseVector(41.05873078589047, 50.681147258119104, 789.7071590688022)
********** Final centers computed for k=7 **********
2 -> DenseVector(38.301767349243164, -122.72929225248448, 1292021.8823529412)
5 -> DenseVector(39.677985879439, -73.89568957124881, 27.126602361915214)
4 -> DenseVector(49.87480388214888, 13.337314606215983, 51.04837644522353)
7 -> DenseVector(41.05765306989685, 50.750168114838495, 790.0460901877424)
1 -> DenseVector(34.04499300435643, 137.16322881158112, 34.81458884944027)
3 -> DenseVector(39.889302557685355, -121.2482489640736, 35.109361432624794)
6 -> DenseVector(50.56096130349047, 10.028308857793741, 29.58598934314596)
********** Final centers computed for k=8 **********
8 -> DenseVector(48.35083457066549, 25.214096106520618, 1264.317527889946)
2 -> DenseVector(38.301767349243164, -122.72929225248448, 1292021.8823529412)
5 -> DenseVector(39.67775700225851, -73.90006398231117, 27.139550684802167)
4 -> DenseVector(49.875913451098434, 13.334188459197517, 50.512192975152544)
7 -> DenseVector(38.68170176650047, 57.24583949702554, 621.7986927848771)
1 -> DenseVector(34.04079141229929, 137.1591418049454, 34.24602926112535)
3 -> DenseVector(39.89541839249525, -121.2693663605299, 34.44289362342198)
6 -> DenseVector(50.56872382931392, 10.000643741337274, 29.490215603143813)
********** Final centers computed for k=9 **********
8 -> DenseVector(38.84279124872047, 53.40596499779733, 637.2244531439179)
2 -> DenseVector(33.92381014912599, 137.03410536220997, 29.82145961168313)
5 -> DenseVector(49.91066665908891, 13.267462476165637, 49.0782330328912)
4 -> DenseVector(39.895879444988736, -121.27177672228662, 34.39848162519106)
7 -> DenseVector(50.581024222438586, 9.896824969066827, 29.080060473491688)
1 -> DenseVector(48.39378734480574, 29.608733484844738, 1278.8187763864041)
9 -> DenseVector(37.16088797467184, 135.95349087521686, 152.89990676151666)
3 -> DenseVector(38.301767349243164, -122.72929225248448, 1292021.8823529412)
6 -> DenseVector(39.67778533500235, -73.90039976255828, 27.14396865399319)
********** Final centers computed for k=10 **********
8 -> DenseVector(50.58101770280021, 9.896909204319355, 29.080202780928378)
2 -> DenseVector(33.92363340652046, 137.03397211663932, 29.817352861093834)
5 -> DenseVector(39.895515257060566, -121.26972296729042, 34.43719945817591)
4 -> DenseVector(38.301767349243164, -122.72929225248448, 1292021.8823529412)
7 -> DenseVector(38.55062087575931, 56.34422461676119, 623.7653479137647)
10 -> DenseVector(37.1581352590174, 137.13478573793606, 150.9067146658319)
1 -> DenseVector(35.31591461472733, -107.88174312575124, 59678.61538461539)
9 -> DenseVector(48.128182983098355, 22.909490999220974, 1189.9913004994623)
3 -> DenseVector(39.67780701420666, -73.90000827411332, 27.142758381069257)
6 -> DenseVector(49.91065629348373, 13.267004307201443, 49.08234424609249)
