SLF4J: Class path contains multiple SLF4J bindings.
SLF4J: Found binding in [jar:file:/mnt/yarn/usercache/hadoop/filecache/10/__spark_libs__2467902269347956960.zip/slf4j-log4j12-1.7.16.jar!/org/slf4j/impl/StaticLoggerBinder.class]
SLF4J: Found binding in [jar:file:/usr/lib/hadoop/lib/slf4j-log4j12-1.7.25.jar!/org/slf4j/impl/StaticLoggerBinder.class]
SLF4J: See http://www.slf4j.org/codes.html#multiple_bindings for an explanation.
SLF4J: Actual binding is of type [org.slf4j.impl.Log4jLoggerFactory]
21/04/25 13:02:55 INFO SignalUtils: Registered signal handler for TERM
21/04/25 13:02:55 INFO SignalUtils: Registered signal handler for HUP
21/04/25 13:02:55 INFO SignalUtils: Registered signal handler for INT
21/04/25 13:02:55 INFO SecurityManager: Changing view acls to: yarn,hadoop
21/04/25 13:02:55 INFO SecurityManager: Changing modify acls to: yarn,hadoop
21/04/25 13:02:55 INFO SecurityManager: Changing view acls groups to:
21/04/25 13:02:55 INFO SecurityManager: Changing modify acls groups to:
21/04/25 13:02:55 INFO SecurityManager: SecurityManager: authentication disabled; ui acls disabled; users  with view permissions: Set(yarn, hadoop); groups with view permissions: Set(); users  with modify permissions: Set(yarn, hadoop); groups with modify permissions: Set()
21/04/25 13:02:56 INFO ApplicationMaster: Preparing Local resources
21/04/25 13:02:57 INFO ApplicationMaster: ApplicationAttemptId: appattempt_1619355630387_0001_000001
21/04/25 13:02:58 INFO ApplicationMaster: Starting the user application in a separate Thread
21/04/25 13:02:58 INFO ApplicationMaster: Waiting for spark context initialization...
21/04/25 13:02:58 INFO SparkContext: Running Spark version 2.4.7-amzn-0
21/04/25 13:02:58 INFO SparkContext: Submitted application: SparkKMeans
21/04/25 13:02:58 INFO SecurityManager: Changing view acls to: yarn,hadoop
21/04/25 13:02:58 INFO SecurityManager: Changing modify acls to: yarn,hadoop
21/04/25 13:02:58 INFO SecurityManager: Changing view acls groups to:
21/04/25 13:02:58 INFO SecurityManager: Changing modify acls groups to:
21/04/25 13:02:58 INFO SecurityManager: SecurityManager: authentication disabled; ui acls disabled; users  with view permissions: Set(yarn, hadoop); groups with view permissions: Set(); users  with modify permissions: Set(yarn, hadoop); groups with modify permissions: Set()
21/04/25 13:02:58 INFO Utils: Successfully started service 'sparkDriver' on port 35197.
21/04/25 13:02:58 INFO SparkEnv: Registering MapOutputTracker
21/04/25 13:02:58 INFO SparkEnv: Registering BlockManagerMaster
21/04/25 13:02:58 INFO BlockManagerMasterEndpoint: Using org.apache.spark.storage.DefaultTopologyMapper for getting topology information
21/04/25 13:02:58 INFO BlockManagerMasterEndpoint: BlockManagerMasterEndpoint up
21/04/25 13:02:58 INFO DiskBlockManager: Created local directory at /mnt/yarn/usercache/hadoop/appcache/application_1619355630387_0001/blockmgr-b00bf695-9ca1-4c77-b3a0-f08caee31a98
21/04/25 13:02:59 INFO MemoryStore: MemoryStore started with capacity 2.2 GB
21/04/25 13:02:59 INFO SparkEnv: Registering OutputCommitCoordinator
21/04/25 13:02:59 INFO JettyUtils: Adding filter org.apache.hadoop.yarn.server.webproxy.amfilter.AmIpFilter to /jobs, /jobs/json, /jobs/job, /jobs/job/json, /stages, /stages/json, /stages/stage, /stages/stage/json, /stages/pool, /stages/pool/json, /storage, /storage/json, /storage/rdd, /storage/rdd/json, /environment, /environment/json, /executors, /executors/json, /executors/threadDump, /executors/threadDump/json, /static, /, /api, /jobs/job/kill, /stages/stage/kill.
21/04/25 13:02:59 INFO Utils: Successfully started service 'SparkUI' on port 39557.
21/04/25 13:02:59 INFO SparkUI: Bound SparkUI to 0.0.0.0, and started at http://ip-172-31-79-192.ec2.internal:39557
21/04/25 13:02:59 INFO YarnClusterScheduler: Created YarnClusterScheduler
21/04/25 13:03:00 INFO SchedulerExtensionServices: Starting Yarn extension services with app application_1619355630387_0001 and attemptId Some(appattempt_1619355630387_0001_000001)
21/04/25 13:03:00 INFO Utils: Using initial executors = 12, max of spark.dynamicAllocation.initialExecutors, spark.dynamicAllocation.minExecutors and spark.executor.instances
21/04/25 13:03:00 INFO Utils: Successfully started service 'org.apache.spark.network.netty.NettyBlockTransferService' on port 41471.
21/04/25 13:03:00 INFO NettyBlockTransferService: Server created on ip-172-31-79-192.ec2.internal:41471
21/04/25 13:03:00 INFO BlockManager: Using org.apache.spark.storage.RandomBlockReplicationPolicy for block replication policy
21/04/25 13:03:00 INFO BlockManagerMaster: Registering BlockManager BlockManagerId(driver, ip-172-31-79-192.ec2.internal, 41471, None)
21/04/25 13:03:00 INFO BlockManagerMasterEndpoint: Registering block manager ip-172-31-79-192.ec2.internal:41471 with 2.2 GB RAM, BlockManagerId(driver, ip-172-31-79-192.ec2.internal, 41471, None)
21/04/25 13:03:00 INFO BlockManagerMaster: Registered BlockManager BlockManagerId(driver, ip-172-31-79-192.ec2.internal, 41471, None)
21/04/25 13:03:00 INFO BlockManager: external shuffle service port = 7337
21/04/25 13:03:00 INFO BlockManager: Initialized BlockManager: BlockManagerId(driver, ip-172-31-79-192.ec2.internal, 41471, None)
21/04/25 13:03:00 INFO JettyUtils: Adding filter org.apache.hadoop.yarn.server.webproxy.amfilter.AmIpFilter to /metrics/json.
21/04/25 13:03:00 INFO EventLoggingListener: Logging events to hdfs:/var/log/spark/apps/application_1619355630387_0001_1
21/04/25 13:03:00 INFO Utils: Using initial executors = 12, max of spark.dynamicAllocation.initialExecutors, spark.dynamicAllocation.minExecutors and spark.executor.instances
21/04/25 13:03:00 WARN YarnSchedulerBackend$YarnSchedulerEndpoint: Attempted to request executors before the AM has registered!
21/04/25 13:03:01 INFO RMProxy: Connecting to ResourceManager at ip-172-31-68-162.ec2.internal/172.31.68.162:8030
21/04/25 13:03:01 INFO YarnRMClient: Registering the ApplicationMaster
21/04/25 13:03:01 INFO ApplicationMaster:
===============================================================================
YARN executor launch context:
  env:
    CLASSPATH -> /usr/lib/hadoop-lzo/lib/*:/usr/lib/hadoop/hadoop-aws.jar:/usr/share/aws/aws-java-sdk/*:/usr/share/aws/emr/emrfs/conf:/usr/share/aws/emr/emrfs/lib/*:/usr/share/aws/emr/emrfs/auxlib/*:/usr/share/aws/emr/goodies/lib/emr-spark-goodies.jar:/usr/share/aws/emr/security/conf:/usr/share/aws/emr/security/lib/*:/usr/share/aws/hmclient/lib/aws-glue-datacatalog-spark-client.jar:/usr/share/java/Hive-JSON-Serde/hive-openx-serde.jar:/usr/share/aws/sagemaker-spark-sdk/lib/sagemaker-spark-sdk.jar:/usr/share/aws/emr/s3select/lib/emr-s3-select-spark-connector.jar<CPS>{{PWD}}<CPS>{{PWD}}/__spark_conf__<CPS>{{PWD}}/__spark_libs__/*<CPS>$HADOOP_CONF_DIR<CPS>$HADOOP_COMMON_HOME/*<CPS>$HADOOP_COMMON_HOME/lib/*<CPS>$HADOOP_HDFS_HOME/*<CPS>$HADOOP_HDFS_HOME/lib/*<CPS>$HADOOP_MAPRED_HOME/*<CPS>$HADOOP_MAPRED_HOME/lib/*<CPS>$HADOOP_YARN_HOME/*<CPS>$HADOOP_YARN_HOME/lib/*<CPS>/usr/lib/hadoop-lzo/lib/*<CPS>/usr/share/aws/emr/emrfs/conf<CPS>/usr/share/aws/emr/emrfs/lib/*<CPS>/usr/share/aws/emr/emrfs/auxlib/*<CPS>/usr/share/aws/emr/lib/*<CPS>/usr/share/aws/emr/ddb/lib/emr-ddb-hadoop.jar<CPS>/usr/share/aws/emr/goodies/lib/emr-hadoop-goodies.jar<CPS>/usr/share/aws/emr/kinesis/lib/emr-kinesis-hadoop.jar<CPS>/usr/share/aws/emr/cloudwatch-sink/lib/*<CPS>/usr/share/aws/aws-java-sdk/*<CPS>$HADOOP_MAPRED_HOME/share/hadoop/mapreduce/*<CPS>$HADOOP_MAPRED_HOME/share/hadoop/mapreduce/lib/*<CPS>/usr/lib/hadoop-lzo/lib/*<CPS>/usr/share/aws/emr/emrfs/conf<CPS>/usr/share/aws/emr/emrfs/lib/*<CPS>/usr/share/aws/emr/emrfs/auxlib/*<CPS>/usr/share/aws/emr/lib/*<CPS>/usr/share/aws/emr/ddb/lib/emr-ddb-hadoop.jar<CPS>/usr/share/aws/emr/goodies/lib/emr-hadoop-goodies.jar<CPS>/usr/share/aws/emr/kinesis/lib/emr-kinesis-hadoop.jar<CPS>/usr/share/aws/emr/cloudwatch-sink/lib/*<CPS>/usr/share/aws/aws-java-sdk/*<CPS>{{PWD}}/__spark_conf__/__hadoop_conf__
    SPARK_YARN_CONTAINER_CORES -> 4
    SPARK_YARN_STAGING_DIR -> hdfs://ip-172-31-68-162.ec2.internal:8020/user/hadoop/.sparkStaging/application_1619355630387_0001
    SPARK_USER -> hadoop
    SPARK_PUBLIC_DNS -> ip-172-31-79-192.ec2.internal

  command:
    LD_LIBRARY_PATH=\"/usr/lib/hadoop/lib/native:/usr/lib/hadoop-lzo/lib/native:$LD_LIBRARY_PATH\" \
      {{JAVA_HOME}}/bin/java \
      -server \
      -Xmx4096m \
      '-verbose:gc' \
      '-XX:+PrintGCDetails' \
      '-XX:+PrintGCDateStamps' \
      '-XX:OnOutOfMemoryError=kill -9 %p' \
      '-XX:+UseParallelGC' \
      '-XX:InitiatingHeapOccupancyPercent=70' \
      -Djava.io.tmpdir={{PWD}}/tmp \
      '-Dspark.driver.port=35197' \
      '-Dspark.history.ui.port=18080' \
      '-Dspark.ui.port=0' \
      -Dspark.yarn.app.container.log.dir=<LOG_DIR> \
      org.apache.spark.executor.CoarseGrainedExecutorBackend \
      --driver-url \
      spark://CoarseGrainedScheduler@ip-172-31-79-192.ec2.internal:35197 \
      --executor-id \
      <executorId> \
      --hostname \
      <hostname> \
      --cores \
      4 \
      --app-id \
      application_1619355630387_0001 \
      --user-class-path \
      file:$PWD/__app__.jar \
      1><LOG_DIR>/stdout \
      2><LOG_DIR>/stderr

  resources:
    __app__.jar -> resource { scheme: "hdfs" host: "ip-172-31-68-162.ec2.internal" port: 8020 file: "/user/hadoop/.sparkStaging/application_1619355630387_0001/k-means-clustering-1.0.jar" } size: 30068583 timestamp: 1619355767926 type: FILE visibility: PRIVATE
    __spark_libs__ -> resource { scheme: "hdfs" host: "ip-172-31-68-162.ec2.internal" port: 8020 file: "/user/hadoop/.sparkStaging/application_1619355630387_0001/__spark_libs__2467902269347956960.zip" } size: 238648460 timestamp: 1619355761771 type: ARCHIVE visibility: PRIVATE
    __spark_conf__ -> resource { scheme: "hdfs" host: "ip-172-31-68-162.ec2.internal" port: 8020 file: "/user/hadoop/.sparkStaging/application_1619355630387_0001/__spark_conf__.zip" } size: 272252 timestamp: 1619355768498 type: ARCHIVE visibility: PRIVATE

===============================================================================
21/04/25 13:03:01 INFO Configuration: resource-types.xml not found
21/04/25 13:03:01 INFO ResourceUtils: Unable to find 'resource-types.xml'.
21/04/25 13:03:01 INFO ResourceUtils: Adding resource type - name = memory-mb, units = Mi, type = COUNTABLE
21/04/25 13:03:01 INFO ResourceUtils: Adding resource type - name = vcores, units = , type = COUNTABLE
21/04/25 13:03:01 INFO Utils: Using initial executors = 12, max of spark.dynamicAllocation.initialExecutors, spark.dynamicAllocation.minExecutors and spark.executor.instances
21/04/25 13:03:01 INFO YarnSchedulerBackend$YarnSchedulerEndpoint: ApplicationMaster registered as NettyRpcEndpointRef(spark://YarnAM@ip-172-31-79-192.ec2.internal:35197)
21/04/25 13:03:01 INFO YarnAllocator: Will request up to 12 executor container(s), each with <memory:6144, max memory:2147483647, vCores:4, max vCores:2147483647>
21/04/25 13:03:01 INFO YarnAllocator: Submitted 12 unlocalized container requests.
21/04/25 13:03:01 INFO ApplicationMaster: Started progress reporter thread with (heartbeat : 3000, initial allocation : 200) intervals
21/04/25 13:03:01 INFO YarnClusterSchedulerBackend: SchedulerBackend is ready for scheduling beginning after reached minRegisteredResourcesRatio: 0.0
21/04/25 13:03:01 INFO YarnClusterScheduler: YarnClusterScheduler.postStartHook done
21/04/25 13:03:02 INFO root: ********** input directory value read **********
21/04/25 13:03:02 INFO root: ********** K directory value read **********
21/04/25 13:03:02 INFO root: ********** converge distance value read **********
21/04/25 13:03:02 INFO root: ********** output directory value read **********
21/04/25 13:03:02 INFO root: ********** input directory: s3://g16-cs6420-scala-local-k-means-clustering/2M_input **********
21/04/25 13:03:02 INFO root: ********** kValue: s3://g16-cs6420-scala-local-k-means-clustering/k_values **********
21/04/25 13:03:02 INFO root: ********** convergeDistance: 0.001 **********
21/04/25 13:03:02 INFO root: ********** outputDirectory: s3://g16-cs6420-scala-local-k-means-clustering/m4.large_2M_output **********
21/04/25 13:03:02 INFO SharedState: loading hive config file: file:/mnt/yarn/usercache/hadoop/filecache/11/__spark_conf__.zip/__hadoop_conf__/hive-site.xml
21/04/25 13:03:02 INFO SharedState: Setting hive.metastore.warehouse.dir ('null') to the value of spark.sql.warehouse.dir ('hdfs:///user/spark/warehouse').
21/04/25 13:03:02 INFO SharedState: Warehouse path is 'hdfs:///user/spark/warehouse'.
21/04/25 13:03:02 INFO JettyUtils: Adding filter org.apache.hadoop.yarn.server.webproxy.amfilter.AmIpFilter to /SQL.
21/04/25 13:03:02 INFO JettyUtils: Adding filter org.apache.hadoop.yarn.server.webproxy.amfilter.AmIpFilter to /SQL/json.
21/04/25 13:03:02 INFO JettyUtils: Adding filter org.apache.hadoop.yarn.server.webproxy.amfilter.AmIpFilter to /SQL/execution.
21/04/25 13:03:02 INFO JettyUtils: Adding filter org.apache.hadoop.yarn.server.webproxy.amfilter.AmIpFilter to /SQL/execution/json.
21/04/25 13:03:02 INFO JettyUtils: Adding filter org.apache.hadoop.yarn.server.webproxy.amfilter.AmIpFilter to /static/sql.
21/04/25 13:03:02 INFO YarnAllocator: Allocated container container_1619355630387_0001_01_000002 on host ip-172-31-71-199.ec2.internal for executor with ID 1 with resources <memory:6144, vCores:1, max vCores:4>
21/04/25 13:03:02 INFO YarnAllocator: Launching executor with 5173m of heap (plus 971m overhead) and 4 cores
21/04/25 13:03:02 INFO YarnAllocator: Allocated container container_1619355630387_0001_01_000003 on host ip-172-31-72-93.ec2.internal for executor with ID 2 with resources <memory:6144, vCores:1, max vCores:4>
21/04/25 13:03:02 INFO YarnAllocator: Launching executor with 5173m of heap (plus 971m overhead) and 4 cores
21/04/25 13:03:02 INFO YarnAllocator: Allocated container container_1619355630387_0001_01_000004 on host ip-172-31-72-83.ec2.internal for executor with ID 3 with resources <memory:6144, vCores:1, max vCores:4>
21/04/25 13:03:02 INFO YarnAllocator: Launching executor with 5173m of heap (plus 971m overhead) and 4 cores
21/04/25 13:03:02 INFO YarnAllocator: Received 3 containers from YARN, launching executors on 3 of them.
21/04/25 13:03:03 INFO StateStoreCoordinatorRef: Registered StateStoreCoordinator endpoint
21/04/25 13:03:05 INFO ClientConfigurationFactory: Set initial getObject socket timeout to 2000 ms.
21/04/25 13:03:06 INFO MemoryStore: Block broadcast_0 stored as values in memory (estimated size 436.7 KB, free 2.2 GB)
21/04/25 13:03:06 INFO MemoryStore: Block broadcast_0_piece0 stored as bytes in memory (estimated size 44.3 KB, free 2.2 GB)
21/04/25 13:03:06 INFO BlockManagerInfo: Added broadcast_0_piece0 in memory on ip-172-31-79-192.ec2.internal:41471 (size: 44.3 KB, free: 2.2 GB)
21/04/25 13:03:06 INFO SparkContext: Created broadcast 0 from newAPIHadoopFile at LocalKMeans.scala:56
21/04/25 13:03:07 INFO InMemoryFileIndex: It took 72 ms to list leaf files for 1 paths.
21/04/25 13:03:10 INFO YarnSchedulerBackend$YarnDriverEndpoint: Registered executor NettyRpcEndpointRef(spark-client://Executor) (172.31.72.93:47464) with ID 2
21/04/25 13:03:10 INFO ExecutorAllocationManager: New executor 2 has registered (new total is 1)
21/04/25 13:03:10 INFO YarnSchedulerBackend$YarnDriverEndpoint: Registered executor NettyRpcEndpointRef(spark-client://Executor) (172.31.72.83:47868) with ID 3
21/04/25 13:03:10 INFO ExecutorAllocationManager: New executor 3 has registered (new total is 2)
21/04/25 13:03:11 INFO YarnSchedulerBackend$YarnDriverEndpoint: Registered executor NettyRpcEndpointRef(spark-client://Executor) (172.31.71.199:34112) with ID 1
21/04/25 13:03:11 INFO ExecutorAllocationManager: New executor 1 has registered (new total is 3)
21/04/25 13:03:11 INFO BlockManagerMasterEndpoint: Registering block manager ip-172-31-72-83.ec2.internal:43535 with 2.5 GB RAM, BlockManagerId(3, ip-172-31-72-83.ec2.internal, 43535, None)
21/04/25 13:03:11 INFO BlockManagerMasterEndpoint: Registering block manager ip-172-31-72-93.ec2.internal:37843 with 2.5 GB RAM, BlockManagerId(2, ip-172-31-72-93.ec2.internal, 37843, None)
21/04/25 13:03:11 INFO BlockManagerMasterEndpoint: Registering block manager ip-172-31-71-199.ec2.internal:46101 with 2.5 GB RAM, BlockManagerId(1, ip-172-31-71-199.ec2.internal, 46101, None)
21/04/25 13:03:11 INFO FileSourceStrategy: Pruning directories with:
21/04/25 13:03:11 INFO FileSourceStrategy: Post-Scan Filters:
21/04/25 13:03:11 INFO FileSourceStrategy: Output Data Schema: struct<value: string>
21/04/25 13:03:11 INFO FileSourceScanExec: Pushed Filters:
21/04/25 13:03:12 INFO CodeGenerator: Code generated in 364.89891 ms
21/04/25 13:03:12 INFO MemoryStore: Block broadcast_1 stored as values in memory (estimated size 468.8 KB, free 2.2 GB)
21/04/25 13:03:12 INFO MemoryStore: Block broadcast_1_piece0 stored as bytes in memory (estimated size 47.2 KB, free 2.2 GB)
21/04/25 13:03:12 INFO BlockManagerInfo: Added broadcast_1_piece0 in memory on ip-172-31-79-192.ec2.internal:41471 (size: 47.2 KB, free: 2.2 GB)
21/04/25 13:03:12 INFO SparkContext: Created broadcast 1 from rdd at LocalKMeans.scala:89
21/04/25 13:03:12 INFO GPLNativeCodeLoader: Loaded native gpl library
21/04/25 13:03:12 INFO LzoCodec: Successfully loaded & initialized native-lzo library [hadoop-lzo rev 3fb854bbfdabadafad1fa2cca072658fa097fd67]
21/04/25 13:03:12 INFO FileSourceScanExec: Planning scan with bin packing, max size: 4194304 bytes, open cost is considered as scanning 4194304 bytes, number of split files: 14, prefetch: false
21/04/25 13:03:12 INFO FileSourceScanExec: relation: None, fileSplitsInPartitionHistogram: ArrayBuffer((1 fileSplits,14))
21/04/25 13:03:12 INFO root: ********** input RDD created **********
21/04/25 13:03:12 INFO SparkContext: Starting job: collect at LocalKMeans.scala:94
21/04/25 13:03:12 INFO DAGScheduler: Got job 0 (collect at LocalKMeans.scala:94) with 14 output partitions
21/04/25 13:03:12 INFO DAGScheduler: Final stage: ResultStage 0 (collect at LocalKMeans.scala:94)
21/04/25 13:03:12 INFO DAGScheduler: Parents of final stage: List()
21/04/25 13:03:12 INFO DAGScheduler: Missing parents: List()
21/04/25 13:03:12 INFO DAGScheduler: Submitting ResultStage 0 (MapPartitionsRDD[7] at map at LocalKMeans.scala:93), which has no missing parents
21/04/25 13:03:13 INFO MemoryStore: Block broadcast_2 stored as values in memory (estimated size 15.3 KB, free 2.2 GB)
21/04/25 13:03:13 INFO MemoryStore: Block broadcast_2_piece0 stored as bytes in memory (estimated size 7.8 KB, free 2.2 GB)
21/04/25 13:03:13 INFO BlockManagerInfo: Added broadcast_2_piece0 in memory on ip-172-31-79-192.ec2.internal:41471 (size: 7.8 KB, free: 2.2 GB)
21/04/25 13:03:13 INFO SparkContext: Created broadcast 2 from broadcast at DAGScheduler.scala:1224
21/04/25 13:03:13 INFO YarnAllocator: Driver requested a total number of 4 executor(s).
21/04/25 13:03:13 INFO YarnAllocator: Canceling requests for 8 executor container(s) to have a new desired total 4 executors.
21/04/25 13:03:13 INFO DAGScheduler: Submitting 14 missing tasks from ResultStage 0 (MapPartitionsRDD[7] at map at LocalKMeans.scala:93) (first 15 tasks are for partitions Vector(0, 1, 2, 3, 4, 5, 6, 7, 8, 9, 10, 11, 12, 13))
21/04/25 13:03:13 INFO YarnClusterScheduler: Adding task set 0.0 with 14 tasks
21/04/25 13:03:13 INFO TaskSetManager: Starting task 0.0 in stage 0.0 (TID 0, ip-172-31-72-83.ec2.internal, executor 3, partition 0, RACK_LOCAL, 8270 bytes)
21/04/25 13:03:13 INFO TaskSetManager: Starting task 1.0 in stage 0.0 (TID 1, ip-172-31-72-93.ec2.internal, executor 2, partition 1, RACK_LOCAL, 8270 bytes)
21/04/25 13:03:13 INFO TaskSetManager: Starting task 2.0 in stage 0.0 (TID 2, ip-172-31-71-199.ec2.internal, executor 1, partition 2, RACK_LOCAL, 8270 bytes)
21/04/25 13:03:13 INFO TaskSetManager: Starting task 3.0 in stage 0.0 (TID 3, ip-172-31-72-83.ec2.internal, executor 3, partition 3, RACK_LOCAL, 8270 bytes)
21/04/25 13:03:13 INFO TaskSetManager: Starting task 4.0 in stage 0.0 (TID 4, ip-172-31-72-93.ec2.internal, executor 2, partition 4, RACK_LOCAL, 8270 bytes)
21/04/25 13:03:13 INFO TaskSetManager: Starting task 5.0 in stage 0.0 (TID 5, ip-172-31-71-199.ec2.internal, executor 1, partition 5, RACK_LOCAL, 8270 bytes)
21/04/25 13:03:13 INFO TaskSetManager: Starting task 6.0 in stage 0.0 (TID 6, ip-172-31-72-83.ec2.internal, executor 3, partition 6, RACK_LOCAL, 8270 bytes)
21/04/25 13:03:13 INFO TaskSetManager: Starting task 7.0 in stage 0.0 (TID 7, ip-172-31-72-93.ec2.internal, executor 2, partition 7, RACK_LOCAL, 8270 bytes)
21/04/25 13:03:13 INFO TaskSetManager: Starting task 8.0 in stage 0.0 (TID 8, ip-172-31-71-199.ec2.internal, executor 1, partition 8, RACK_LOCAL, 8270 bytes)
21/04/25 13:03:13 INFO TaskSetManager: Starting task 9.0 in stage 0.0 (TID 9, ip-172-31-72-83.ec2.internal, executor 3, partition 9, RACK_LOCAL, 8270 bytes)
21/04/25 13:03:13 INFO TaskSetManager: Starting task 10.0 in stage 0.0 (TID 10, ip-172-31-72-93.ec2.internal, executor 2, partition 10, RACK_LOCAL, 8270 bytes)
21/04/25 13:03:13 INFO TaskSetManager: Starting task 11.0 in stage 0.0 (TID 11, ip-172-31-71-199.ec2.internal, executor 1, partition 11, RACK_LOCAL, 8270 bytes)
21/04/25 13:03:13 INFO BlockManagerInfo: Added broadcast_2_piece0 in memory on ip-172-31-72-93.ec2.internal:37843 (size: 7.8 KB, free: 2.5 GB)
21/04/25 13:03:13 INFO BlockManagerInfo: Added broadcast_2_piece0 in memory on ip-172-31-71-199.ec2.internal:46101 (size: 7.8 KB, free: 2.5 GB)
21/04/25 13:03:14 INFO BlockManagerInfo: Added broadcast_2_piece0 in memory on ip-172-31-72-83.ec2.internal:43535 (size: 7.8 KB, free: 2.5 GB)
21/04/25 13:03:17 INFO BlockManagerInfo: Added broadcast_1_piece0 in memory on ip-172-31-71-199.ec2.internal:46101 (size: 47.2 KB, free: 2.5 GB)
21/04/25 13:03:18 INFO BlockManagerInfo: Added broadcast_1_piece0 in memory on ip-172-31-72-93.ec2.internal:37843 (size: 47.2 KB, free: 2.5 GB)
21/04/25 13:03:19 INFO BlockManagerInfo: Added broadcast_1_piece0 in memory on ip-172-31-72-83.ec2.internal:43535 (size: 47.2 KB, free: 2.5 GB)
21/04/25 13:03:24 INFO BlockManagerInfo: Added taskresult_8 in memory on ip-172-31-71-199.ec2.internal:46101 (size: 8.1 MB, free: 2.5 GB)
21/04/25 13:03:24 INFO BlockManagerInfo: Added taskresult_11 in memory on ip-172-31-71-199.ec2.internal:46101 (size: 7.8 MB, free: 2.5 GB)
21/04/25 13:03:24 INFO BlockManagerInfo: Added taskresult_5 in memory on ip-172-31-71-199.ec2.internal:46101 (size: 8.0 MB, free: 2.5 GB)
21/04/25 13:03:24 INFO TaskSetManager: Starting task 12.0 in stage 0.0 (TID 12, ip-172-31-71-199.ec2.internal, executor 1, partition 12, RACK_LOCAL, 8270 bytes)
21/04/25 13:03:24 INFO TaskSetManager: Starting task 13.0 in stage 0.0 (TID 13, ip-172-31-71-199.ec2.internal, executor 1, partition 13, RACK_LOCAL, 8270 bytes)
21/04/25 13:03:24 INFO TransportClientFactory: Successfully created connection to ip-172-31-71-199.ec2.internal/172.31.71.199:46101 after 16 ms (0 ms spent in bootstraps)
21/04/25 13:03:24 INFO BlockManagerInfo: Added taskresult_2 in memory on ip-172-31-71-199.ec2.internal:46101 (size: 8.7 MB, free: 2.5 GB)
21/04/25 13:03:25 INFO BlockManagerInfo: Added taskresult_7 in memory on ip-172-31-72-93.ec2.internal:37843 (size: 6.5 MB, free: 2.5 GB)
21/04/25 13:03:25 INFO BlockManagerInfo: Added taskresult_1 in memory on ip-172-31-72-93.ec2.internal:37843 (size: 6.6 MB, free: 2.5 GB)
21/04/25 13:03:25 INFO BlockManagerInfo: Added taskresult_10 in memory on ip-172-31-72-93.ec2.internal:37843 (size: 7.4 MB, free: 2.5 GB)
21/04/25 13:03:25 INFO BlockManagerInfo: Added taskresult_13 in memory on ip-172-31-71-199.ec2.internal:46101 (size: 2.9 MB, free: 2.5 GB)
21/04/25 13:03:25 INFO BlockManagerInfo: Added taskresult_4 in memory on ip-172-31-72-93.ec2.internal:37843 (size: 8.1 MB, free: 2.5 GB)
21/04/25 13:03:25 INFO BlockManagerInfo: Added taskresult_12 in memory on ip-172-31-71-199.ec2.internal:46101 (size: 6.5 MB, free: 2.5 GB)
21/04/25 13:03:26 INFO TaskSetManager: Finished task 2.0 in stage 0.0 (TID 2) in 13778 ms on ip-172-31-71-199.ec2.internal (executor 1) (1/14)
21/04/25 13:03:26 INFO BlockManagerInfo: Removed taskresult_2 on ip-172-31-71-199.ec2.internal:46101 in memory (size: 8.7 MB, free: 2.5 GB)
21/04/25 13:03:27 INFO BlockManagerInfo: Removed taskresult_8 on ip-172-31-71-199.ec2.internal:46101 in memory (size: 8.1 MB, free: 2.5 GB)
21/04/25 13:03:27 INFO BlockManagerInfo: Removed taskresult_5 on ip-172-31-71-199.ec2.internal:46101 in memory (size: 8.0 MB, free: 2.5 GB)
21/04/25 13:03:27 INFO BlockManagerInfo: Removed taskresult_11 on ip-172-31-71-199.ec2.internal:46101 in memory (size: 7.8 MB, free: 2.5 GB)
21/04/25 13:03:27 INFO TaskSetManager: Finished task 11.0 in stage 0.0 (TID 11) in 13796 ms on ip-172-31-71-199.ec2.internal (executor 1) (2/14)
21/04/25 13:03:27 INFO TaskSetManager: Finished task 5.0 in stage 0.0 (TID 5) in 13799 ms on ip-172-31-71-199.ec2.internal (executor 1) (3/14)
21/04/25 13:03:27 INFO TaskSetManager: Finished task 8.0 in stage 0.0 (TID 8) in 13798 ms on ip-172-31-71-199.ec2.internal (executor 1) (4/14)
21/04/25 13:03:27 INFO TransportClientFactory: Successfully created connection to ip-172-31-72-93.ec2.internal/172.31.72.93:37843 after 70 ms (0 ms spent in bootstraps)
21/04/25 13:03:27 INFO YarnAllocator: Driver requested a total number of 3 executor(s).
21/04/25 13:03:27 INFO YarnAllocator: Canceling requests for 1 executor container(s) to have a new desired total 3 executors.
21/04/25 13:03:27 INFO BlockManagerInfo: Removed taskresult_13 on ip-172-31-71-199.ec2.internal:46101 in memory (size: 2.9 MB, free: 2.5 GB)
21/04/25 13:03:27 INFO TaskSetManager: Finished task 13.0 in stage 0.0 (TID 13) in 3527 ms on ip-172-31-71-199.ec2.internal (executor 1) (5/14)
21/04/25 13:03:28 INFO BlockManagerInfo: Added taskresult_3 in memory on ip-172-31-72-83.ec2.internal:43535 (size: 7.4 MB, free: 2.5 GB)
21/04/25 13:03:28 INFO BlockManagerInfo: Added taskresult_6 in memory on ip-172-31-72-83.ec2.internal:43535 (size: 7.1 MB, free: 2.5 GB)
21/04/25 13:03:28 INFO BlockManagerInfo: Added taskresult_0 in memory on ip-172-31-72-83.ec2.internal:43535 (size: 6.9 MB, free: 2.5 GB)
21/04/25 13:03:28 INFO BlockManagerInfo: Added taskresult_9 in memory on ip-172-31-72-83.ec2.internal:43535 (size: 7.7 MB, free: 2.5 GB)
21/04/25 13:03:28 INFO TaskSetManager: Finished task 10.0 in stage 0.0 (TID 10) in 15228 ms on ip-172-31-72-93.ec2.internal (executor 2) (6/14)
21/04/25 13:03:28 INFO TaskSetManager: Finished task 1.0 in stage 0.0 (TID 1) in 15234 ms on ip-172-31-72-93.ec2.internal (executor 2) (7/14)
21/04/25 13:03:28 INFO TaskSetManager: Finished task 7.0 in stage 0.0 (TID 7) in 15231 ms on ip-172-31-72-93.ec2.internal (executor 2) (8/14)
21/04/25 13:03:28 INFO BlockManagerInfo: Removed taskresult_1 on ip-172-31-72-93.ec2.internal:37843 in memory (size: 6.6 MB, free: 2.5 GB)
21/04/25 13:03:28 INFO BlockManagerInfo: Removed taskresult_7 on ip-172-31-72-93.ec2.internal:37843 in memory (size: 6.5 MB, free: 2.5 GB)
21/04/25 13:03:28 INFO BlockManagerInfo: Removed taskresult_10 on ip-172-31-72-93.ec2.internal:37843 in memory (size: 7.4 MB, free: 2.5 GB)
21/04/25 13:03:28 INFO TransportClientFactory: Successfully created connection to ip-172-31-72-83.ec2.internal/172.31.72.83:43535 after 18 ms (0 ms spent in bootstraps)
21/04/25 13:03:28 INFO YarnAllocator: Driver requested a total number of 2 executor(s).
21/04/25 13:03:28 INFO BlockManagerInfo: Removed taskresult_4 on ip-172-31-72-93.ec2.internal:37843 in memory (size: 8.1 MB, free: 2.5 GB)
21/04/25 13:03:28 INFO TaskSetManager: Finished task 4.0 in stage 0.0 (TID 4) in 15476 ms on ip-172-31-72-93.ec2.internal (executor 2) (9/14)
21/04/25 13:03:29 INFO TaskSetManager: Finished task 12.0 in stage 0.0 (TID 12) in 4765 ms on ip-172-31-71-199.ec2.internal (executor 1) (10/14)
21/04/25 13:03:29 INFO BlockManagerInfo: Removed taskresult_12 on ip-172-31-71-199.ec2.internal:46101 in memory (size: 6.5 MB, free: 2.5 GB)
21/04/25 13:03:29 INFO YarnAllocator: Driver requested a total number of 1 executor(s).
21/04/25 13:03:29 INFO TaskSetManager: Finished task 6.0 in stage 0.0 (TID 6) in 16122 ms on ip-172-31-72-83.ec2.internal (executor 3) (11/14)
21/04/25 13:03:29 INFO BlockManagerInfo: Removed taskresult_6 on ip-172-31-72-83.ec2.internal:43535 in memory (size: 7.1 MB, free: 2.5 GB)
21/04/25 13:03:29 INFO TaskSetManager: Finished task 3.0 in stage 0.0 (TID 3) in 16247 ms on ip-172-31-72-83.ec2.internal (executor 3) (12/14)
21/04/25 13:03:29 INFO BlockManagerInfo: Removed taskresult_3 on ip-172-31-72-83.ec2.internal:43535 in memory (size: 7.4 MB, free: 2.5 GB)
21/04/25 13:03:29 INFO TaskSetManager: Finished task 0.0 in stage 0.0 (TID 0) in 16312 ms on ip-172-31-72-83.ec2.internal (executor 3) (13/14)
21/04/25 13:03:29 INFO BlockManagerInfo: Removed taskresult_0 on ip-172-31-72-83.ec2.internal:43535 in memory (size: 6.9 MB, free: 2.5 GB)
21/04/25 13:03:29 INFO TaskSetManager: Finished task 9.0 in stage 0.0 (TID 9) in 16355 ms on ip-172-31-72-83.ec2.internal (executor 3) (14/14)
21/04/25 13:03:29 INFO BlockManagerInfo: Removed taskresult_9 on ip-172-31-72-83.ec2.internal:43535 in memory (size: 7.7 MB, free: 2.5 GB)
21/04/25 13:03:29 INFO YarnClusterScheduler: Removed TaskSet 0.0, whose tasks have all completed, from pool
21/04/25 13:03:29 INFO DAGScheduler: ResultStage 0 (collect at LocalKMeans.scala:94) finished in 16.539 s
21/04/25 13:03:29 INFO YarnAllocator: Driver requested a total number of 0 executor(s).
21/04/25 13:03:29 INFO DAGScheduler: Job 0 finished: collect at LocalKMeans.scala:94, took 16.814393 s
21/04/25 13:03:29 INFO root: ********** input parsed and vectors created **********
21/04/25 13:03:29 INFO MemoryStore: Block broadcast_3 stored as values in memory (estimated size 160.2 MB, free 2.1 GB)
21/04/25 13:03:33 INFO ContextCleaner: Cleaned accumulator 9
21/04/25 13:03:33 INFO ContextCleaner: Cleaned accumulator 23
21/04/25 13:03:33 INFO ContextCleaner: Cleaned accumulator 26
21/04/25 13:03:33 INFO ContextCleaner: Cleaned accumulator 11
21/04/25 13:03:33 INFO ContextCleaner: Cleaned accumulator 15
21/04/25 13:03:33 INFO ContextCleaner: Cleaned accumulator 27
21/04/25 13:03:33 INFO ContextCleaner: Cleaned accumulator 8
21/04/25 13:03:33 INFO ContextCleaner: Cleaned accumulator 22
21/04/25 13:03:33 INFO ContextCleaner: Cleaned accumulator 0
21/04/25 13:03:33 INFO ContextCleaner: Cleaned accumulator 3
21/04/25 13:03:33 INFO ContextCleaner: Cleaned accumulator 1
21/04/25 13:03:33 INFO ContextCleaner: Cleaned accumulator 2
21/04/25 13:03:33 INFO ContextCleaner: Cleaned accumulator 7
21/04/25 13:03:33 INFO ContextCleaner: Cleaned accumulator 12
21/04/25 13:03:33 INFO ContextCleaner: Cleaned accumulator 14
21/04/25 13:03:33 INFO ContextCleaner: Cleaned accumulator 10
21/04/25 13:03:33 INFO ContextCleaner: Cleaned accumulator 18
21/04/25 13:03:33 INFO ContextCleaner: Cleaned accumulator 24
21/04/25 13:03:33 INFO ContextCleaner: Cleaned accumulator 6
21/04/25 13:03:33 INFO ContextCleaner: Cleaned accumulator 5
21/04/25 13:03:33 INFO ContextCleaner: Cleaned accumulator 17
21/04/25 13:03:33 INFO ContextCleaner: Cleaned accumulator 25
21/04/25 13:03:33 INFO ContextCleaner: Cleaned accumulator 13
21/04/25 13:03:33 INFO BlockManagerInfo: Removed broadcast_2_piece0 on ip-172-31-72-83.ec2.internal:43535 in memory (size: 7.8 KB, free: 2.5 GB)
21/04/25 13:03:33 INFO BlockManagerInfo: Removed broadcast_2_piece0 on ip-172-31-71-199.ec2.internal:46101 in memory (size: 7.8 KB, free: 2.5 GB)
21/04/25 13:03:33 INFO BlockManagerInfo: Removed broadcast_2_piece0 on ip-172-31-72-93.ec2.internal:37843 in memory (size: 7.8 KB, free: 2.5 GB)
21/04/25 13:03:33 INFO BlockManagerInfo: Removed broadcast_2_piece0 on ip-172-31-79-192.ec2.internal:41471 in memory (size: 7.8 KB, free: 2.2 GB)
21/04/25 13:03:33 INFO ContextCleaner: Cleaned accumulator 29
21/04/25 13:03:33 INFO ContextCleaner: Cleaned accumulator 28
21/04/25 13:03:33 INFO ContextCleaner: Cleaned accumulator 16
21/04/25 13:03:33 INFO ContextCleaner: Cleaned accumulator 21
21/04/25 13:03:33 INFO ContextCleaner: Cleaned accumulator 20
21/04/25 13:03:33 INFO ContextCleaner: Cleaned accumulator 19
21/04/25 13:03:33 INFO ContextCleaner: Cleaned accumulator 4
21/04/25 13:03:33 INFO BlockManagerInfo: Removed broadcast_1_piece0 on ip-172-31-71-199.ec2.internal:46101 in memory (size: 47.2 KB, free: 2.5 GB)
21/04/25 13:03:33 INFO BlockManagerInfo: Removed broadcast_1_piece0 on ip-172-31-72-93.ec2.internal:37843 in memory (size: 47.2 KB, free: 2.5 GB)
21/04/25 13:03:33 INFO BlockManagerInfo: Removed broadcast_1_piece0 on ip-172-31-72-83.ec2.internal:43535 in memory (size: 47.2 KB, free: 2.5 GB)
21/04/25 13:03:33 INFO BlockManagerInfo: Removed broadcast_1_piece0 on ip-172-31-79-192.ec2.internal:41471 in memory (size: 47.2 KB, free: 2.2 GB)
21/04/25 13:03:36 INFO MemoryStore: Block broadcast_3_piece0 stored as bytes in memory (estimated size 4.0 MB, free 2.1 GB)
21/04/25 13:03:36 INFO BlockManagerInfo: Added broadcast_3_piece0 in memory on ip-172-31-79-192.ec2.internal:41471 (size: 4.0 MB, free: 2.2 GB)
21/04/25 13:03:36 INFO MemoryStore: Block broadcast_3_piece1 stored as bytes in memory (estimated size 4.0 MB, free 2.0 GB)
21/04/25 13:03:36 INFO BlockManagerInfo: Added broadcast_3_piece1 in memory on ip-172-31-79-192.ec2.internal:41471 (size: 4.0 MB, free: 2.2 GB)
21/04/25 13:03:36 INFO MemoryStore: Block broadcast_3_piece2 stored as bytes in memory (estimated size 4.0 MB, free 2.0 GB)
21/04/25 13:03:36 INFO BlockManagerInfo: Added broadcast_3_piece2 in memory on ip-172-31-79-192.ec2.internal:41471 (size: 4.0 MB, free: 2.2 GB)
21/04/25 13:03:36 INFO MemoryStore: Block broadcast_3_piece3 stored as bytes in memory (estimated size 4.0 MB, free 2.0 GB)
21/04/25 13:03:36 INFO BlockManagerInfo: Added broadcast_3_piece3 in memory on ip-172-31-79-192.ec2.internal:41471 (size: 4.0 MB, free: 2.2 GB)
21/04/25 13:03:36 INFO MemoryStore: Block broadcast_3_piece4 stored as bytes in memory (estimated size 4.0 MB, free 2.0 GB)
21/04/25 13:03:36 INFO BlockManagerInfo: Added broadcast_3_piece4 in memory on ip-172-31-79-192.ec2.internal:41471 (size: 4.0 MB, free: 2.2 GB)
21/04/25 13:03:36 INFO MemoryStore: Block broadcast_3_piece5 stored as bytes in memory (estimated size 1206.7 KB, free 2.0 GB)
21/04/25 13:03:36 INFO BlockManagerInfo: Added broadcast_3_piece5 in memory on ip-172-31-79-192.ec2.internal:41471 (size: 1206.7 KB, free: 2.2 GB)
21/04/25 13:03:36 INFO SparkContext: Created broadcast 3 from broadcast at LocalKMeans.scala:251
21/04/25 13:03:37 INFO BlockManagerInfo: Removed broadcast_3_piece0 on ip-172-31-79-192.ec2.internal:41471 in memory (size: 4.0 MB, free: 2.2 GB)
21/04/25 13:03:37 INFO BlockManagerInfo: Removed broadcast_3_piece2 on ip-172-31-79-192.ec2.internal:41471 in memory (size: 4.0 MB, free: 2.2 GB)
21/04/25 13:03:37 INFO BlockManagerInfo: Removed broadcast_3_piece3 on ip-172-31-79-192.ec2.internal:41471 in memory (size: 4.0 MB, free: 2.2 GB)
21/04/25 13:03:37 INFO BlockManagerInfo: Removed broadcast_3_piece4 on ip-172-31-79-192.ec2.internal:41471 in memory (size: 4.0 MB, free: 2.2 GB)
21/04/25 13:03:37 INFO BlockManagerInfo: Removed broadcast_3_piece1 on ip-172-31-79-192.ec2.internal:41471 in memory (size: 4.0 MB, free: 2.2 GB)
21/04/25 13:03:37 INFO BlockManagerInfo: Removed broadcast_3_piece5 on ip-172-31-79-192.ec2.internal:41471 in memory (size: 1206.7 KB, free: 2.2 GB)
21/04/25 13:03:41 INFO deprecation: mapred.output.dir is deprecated. Instead, use mapreduce.output.fileoutputformat.outputdir
21/04/25 13:03:41 INFO HadoopMapRedCommitProtocol: Using output committer class org.apache.hadoop.mapred.DirectFileOutputCommitter
21/04/25 13:03:41 INFO DirectFileOutputCommitter: Nothing to setup since the outputs are written directly.
21/04/25 13:03:41 INFO FileInputFormat: Total input files to process : 1
21/04/25 13:03:41 INFO S3NativeFileSystem: Opening 's3://g16-cs6420-scala-local-k-means-clustering/k_values/k' for reading
21/04/25 13:03:41 INFO SparkContext: Starting job: runJob at SparkHadoopWriter.scala:78
21/04/25 13:03:41 INFO DAGScheduler: Got job 1 (runJob at SparkHadoopWriter.scala:78) with 10 output partitions
21/04/25 13:03:41 INFO DAGScheduler: Final stage: ResultStage 1 (runJob at SparkHadoopWriter.scala:78)
21/04/25 13:03:41 INFO DAGScheduler: Parents of final stage: List()
21/04/25 13:03:41 INFO DAGScheduler: Missing parents: List()
21/04/25 13:03:41 INFO DAGScheduler: Submitting ResultStage 1 (MapPartitionsRDD[10] at saveAsTextFile at LocalKMeans.scala:257), which has no missing parents
21/04/25 13:03:42 INFO YarnAllocator: Driver requested a total number of 3 executor(s).
21/04/25 13:03:42 INFO ExecutorAllocationManager: Requesting 3 new executors because tasks are backlogged (new desired total will be 3)
21/04/25 13:03:46 INFO MemoryStore: Block broadcast_4 stored as values in memory (estimated size 99.3 MB, free 2.1 GB)
21/04/25 13:03:46 INFO MemoryStore: Block broadcast_4_piece0 stored as bytes in memory (estimated size 4.0 MB, free 2.1 GB)
21/04/25 13:03:46 INFO BlockManagerInfo: Added broadcast_4_piece0 in memory on ip-172-31-79-192.ec2.internal:41471 (size: 4.0 MB, free: 2.2 GB)
21/04/25 13:03:46 INFO MemoryStore: Block broadcast_4_piece1 stored as bytes in memory (estimated size 4.0 MB, free 2.1 GB)
21/04/25 13:03:46 INFO BlockManagerInfo: Added broadcast_4_piece1 in memory on ip-172-31-79-192.ec2.internal:41471 (size: 4.0 MB, free: 2.2 GB)
21/04/25 13:03:46 INFO MemoryStore: Block broadcast_4_piece2 stored as bytes in memory (estimated size 4.0 MB, free 2.1 GB)
21/04/25 13:03:46 INFO BlockManagerInfo: Added broadcast_4_piece2 in memory on ip-172-31-79-192.ec2.internal:41471 (size: 4.0 MB, free: 2.2 GB)
21/04/25 13:03:46 INFO MemoryStore: Block broadcast_4_piece3 stored as bytes in memory (estimated size 4.0 MB, free 2.1 GB)
21/04/25 13:03:46 INFO BlockManagerInfo: Added broadcast_4_piece3 in memory on ip-172-31-79-192.ec2.internal:41471 (size: 4.0 MB, free: 2.2 GB)
21/04/25 13:03:46 INFO MemoryStore: Block broadcast_4_piece4 stored as bytes in memory (estimated size 4.0 MB, free 2.1 GB)
21/04/25 13:03:46 INFO BlockManagerInfo: Added broadcast_4_piece4 in memory on ip-172-31-79-192.ec2.internal:41471 (size: 4.0 MB, free: 2.2 GB)
21/04/25 13:03:46 INFO MemoryStore: Block broadcast_4_piece5 stored as bytes in memory (estimated size 1254.5 KB, free 2.1 GB)
21/04/25 13:03:46 INFO BlockManagerInfo: Added broadcast_4_piece5 in memory on ip-172-31-79-192.ec2.internal:41471 (size: 1254.5 KB, free: 2.2 GB)
21/04/25 13:03:46 INFO SparkContext: Created broadcast 4 from broadcast at DAGScheduler.scala:1224
21/04/25 13:03:46 INFO DAGScheduler: Submitting 10 missing tasks from ResultStage 1 (MapPartitionsRDD[10] at saveAsTextFile at LocalKMeans.scala:257) (first 15 tasks are for partitions Vector(0, 1, 2, 3, 4, 5, 6, 7, 8, 9))
21/04/25 13:03:46 INFO YarnClusterScheduler: Adding task set 1.0 with 10 tasks
21/04/25 13:03:46 INFO TaskSetManager: Starting task 0.0 in stage 1.0 (TID 14, ip-172-31-72-83.ec2.internal, executor 3, partition 0, PROCESS_LOCAL, 7968 bytes)
21/04/25 13:03:46 INFO TaskSetManager: Starting task 1.0 in stage 1.0 (TID 15, ip-172-31-72-93.ec2.internal, executor 2, partition 1, PROCESS_LOCAL, 7968 bytes)
21/04/25 13:03:46 INFO TaskSetManager: Starting task 2.0 in stage 1.0 (TID 16, ip-172-31-71-199.ec2.internal, executor 1, partition 2, PROCESS_LOCAL, 7968 bytes)
21/04/25 13:03:46 INFO TaskSetManager: Starting task 3.0 in stage 1.0 (TID 17, ip-172-31-72-83.ec2.internal, executor 3, partition 3, PROCESS_LOCAL, 7968 bytes)
21/04/25 13:03:46 INFO TaskSetManager: Starting task 4.0 in stage 1.0 (TID 18, ip-172-31-72-93.ec2.internal, executor 2, partition 4, PROCESS_LOCAL, 7968 bytes)
21/04/25 13:03:46 INFO TaskSetManager: Starting task 5.0 in stage 1.0 (TID 19, ip-172-31-71-199.ec2.internal, executor 1, partition 5, PROCESS_LOCAL, 7968 bytes)
21/04/25 13:03:46 INFO TaskSetManager: Starting task 6.0 in stage 1.0 (TID 20, ip-172-31-72-83.ec2.internal, executor 3, partition 6, PROCESS_LOCAL, 7968 bytes)
21/04/25 13:03:46 INFO TaskSetManager: Starting task 7.0 in stage 1.0 (TID 21, ip-172-31-72-93.ec2.internal, executor 2, partition 7, PROCESS_LOCAL, 7968 bytes)
21/04/25 13:03:46 INFO TaskSetManager: Starting task 8.0 in stage 1.0 (TID 22, ip-172-31-71-199.ec2.internal, executor 1, partition 8, PROCESS_LOCAL, 7968 bytes)
21/04/25 13:03:46 INFO TaskSetManager: Starting task 9.0 in stage 1.0 (TID 23, ip-172-31-72-83.ec2.internal, executor 3, partition 9, PROCESS_LOCAL, 7968 bytes)
21/04/25 13:03:47 INFO BlockManagerInfo: Added broadcast_4_piece0 in memory on ip-172-31-72-93.ec2.internal:37843 (size: 4.0 MB, free: 2.5 GB)
21/04/25 13:03:47 INFO BlockManagerInfo: Added broadcast_4_piece4 in memory on ip-172-31-72-83.ec2.internal:43535 (size: 4.0 MB, free: 2.5 GB)
21/04/25 13:03:47 INFO BlockManagerInfo: Added broadcast_4_piece4 in memory on ip-172-31-71-199.ec2.internal:46101 (size: 4.0 MB, free: 2.5 GB)
21/04/25 13:03:47 INFO BlockManagerInfo: Added broadcast_4_piece4 in memory on ip-172-31-72-93.ec2.internal:37843 (size: 4.0 MB, free: 2.5 GB)
21/04/25 13:03:47 INFO BlockManagerInfo: Added broadcast_4_piece0 in memory on ip-172-31-72-83.ec2.internal:43535 (size: 4.0 MB, free: 2.5 GB)
21/04/25 13:03:47 INFO BlockManagerInfo: Added broadcast_4_piece3 in memory on ip-172-31-71-199.ec2.internal:46101 (size: 4.0 MB, free: 2.5 GB)
21/04/25 13:03:47 INFO BlockManagerInfo: Added broadcast_4_piece1 in memory on ip-172-31-72-83.ec2.internal:43535 (size: 4.0 MB, free: 2.5 GB)
21/04/25 13:03:47 INFO BlockManagerInfo: Added broadcast_4_piece2 in memory on ip-172-31-72-93.ec2.internal:37843 (size: 4.0 MB, free: 2.5 GB)
21/04/25 13:03:47 INFO BlockManagerInfo: Added broadcast_4_piece2 in memory on ip-172-31-71-199.ec2.internal:46101 (size: 4.0 MB, free: 2.5 GB)
21/04/25 13:03:47 INFO BlockManagerInfo: Added broadcast_4_piece5 in memory on ip-172-31-72-83.ec2.internal:43535 (size: 1254.5 KB, free: 2.5 GB)
21/04/25 13:03:47 INFO BlockManagerInfo: Added broadcast_4_piece5 in memory on ip-172-31-72-93.ec2.internal:37843 (size: 1254.5 KB, free: 2.5 GB)
21/04/25 13:03:47 INFO BlockManagerInfo: Added broadcast_4_piece5 in memory on ip-172-31-71-199.ec2.internal:46101 (size: 1254.5 KB, free: 2.5 GB)
21/04/25 13:03:47 INFO BlockManagerInfo: Added broadcast_4_piece3 in memory on ip-172-31-72-83.ec2.internal:43535 (size: 4.0 MB, free: 2.5 GB)
21/04/25 13:03:47 INFO BlockManagerInfo: Added broadcast_4_piece1 in memory on ip-172-31-72-93.ec2.internal:37843 (size: 4.0 MB, free: 2.5 GB)
21/04/25 13:03:47 INFO BlockManagerInfo: Added broadcast_4_piece0 in memory on ip-172-31-71-199.ec2.internal:46101 (size: 4.0 MB, free: 2.5 GB)
21/04/25 13:03:47 INFO BlockManagerInfo: Added broadcast_4_piece2 in memory on ip-172-31-72-83.ec2.internal:43535 (size: 4.0 MB, free: 2.5 GB)
21/04/25 13:03:47 INFO BlockManagerInfo: Added broadcast_4_piece3 in memory on ip-172-31-72-93.ec2.internal:37843 (size: 4.0 MB, free: 2.5 GB)
21/04/25 13:03:47 INFO BlockManagerInfo: Added broadcast_4_piece1 in memory on ip-172-31-71-199.ec2.internal:46101 (size: 4.0 MB, free: 2.5 GB)
21/04/25 13:03:52 INFO BlockManagerInfo: Added broadcast_0_piece0 in memory on ip-172-31-71-199.ec2.internal:46101 (size: 44.3 KB, free: 2.5 GB)
21/04/25 13:03:56 INFO BlockManagerInfo: Added broadcast_0_piece0 in memory on ip-172-31-72-83.ec2.internal:43535 (size: 44.3 KB, free: 2.5 GB)
21/04/25 13:03:57 INFO BlockManagerInfo: Added broadcast_0_piece0 in memory on ip-172-31-72-93.ec2.internal:37843 (size: 44.3 KB, free: 2.5 GB)
21/04/25 13:04:32 INFO TaskSetManager: Finished task 0.0 in stage 1.0 (TID 14) in 46194 ms on ip-172-31-72-83.ec2.internal (executor 3) (1/10)
21/04/25 13:04:52 INFO TaskSetManager: Finished task 1.0 in stage 1.0 (TID 15) in 65641 ms on ip-172-31-72-93.ec2.internal (executor 2) (2/10)
21/04/25 13:04:52 INFO YarnAllocator: Driver requested a total number of 2 executor(s).
21/04/25 13:05:01 INFO TaskSetManager: Finished task 2.0 in stage 1.0 (TID 16) in 75030 ms on ip-172-31-71-199.ec2.internal (executor 1) (3/10)
21/04/25 13:05:26 INFO TaskSetManager: Finished task 5.0 in stage 1.0 (TID 19) in 99368 ms on ip-172-31-71-199.ec2.internal (executor 1) (4/10)
21/04/25 13:05:27 INFO TaskSetManager: Finished task 4.0 in stage 1.0 (TID 18) in 100338 ms on ip-172-31-72-93.ec2.internal (executor 2) (5/10)
21/04/25 13:05:35 INFO TaskSetManager: Finished task 3.0 in stage 1.0 (TID 17) in 109161 ms on ip-172-31-72-83.ec2.internal (executor 3) (6/10)
21/04/25 13:05:36 INFO YarnAllocator: Driver requested a total number of 1 executor(s).
21/04/25 13:06:24 INFO TaskSetManager: Finished task 7.0 in stage 1.0 (TID 21) in 157362 ms on ip-172-31-72-93.ec2.internal (executor 2) (7/10)
21/04/25 13:06:26 INFO TaskSetManager: Finished task 8.0 in stage 1.0 (TID 22) in 160159 ms on ip-172-31-71-199.ec2.internal (executor 1) (8/10)
21/04/25 13:06:30 INFO TaskSetManager: Finished task 6.0 in stage 1.0 (TID 20) in 163219 ms on ip-172-31-72-83.ec2.internal (executor 3) (9/10)
21/04/25 13:07:24 INFO ExecutorAllocationManager: Request to remove executorIds: 2
21/04/25 13:07:24 INFO YarnClusterSchedulerBackend: Requesting to kill executor(s) 2
21/04/25 13:07:24 INFO YarnClusterSchedulerBackend: Actual list of executor(s) to be killed is 2
21/04/25 13:07:24 INFO ApplicationMaster$AMEndpoint: Driver requested to kill executor(s) 2.
21/04/25 13:07:24 INFO ExecutorAllocationManager: Removing executor 2 because it has been idle for 60 seconds (new desired total will be 2)
21/04/25 13:07:26 INFO ExecutorAllocationManager: Request to remove executorIds: 1
21/04/25 13:07:26 INFO YarnClusterSchedulerBackend: Requesting to kill executor(s) 1
21/04/25 13:07:26 INFO YarnClusterSchedulerBackend: Actual list of executor(s) to be killed is 1
21/04/25 13:07:26 INFO ApplicationMaster$AMEndpoint: Driver requested to kill executor(s) 1.
21/04/25 13:07:26 INFO ExecutorAllocationManager: Removing executor 1 because it has been idle for 60 seconds (new desired total will be 1)
21/04/25 13:07:27 INFO YarnSchedulerBackend$YarnDriverEndpoint: Disabling executor 2.
21/04/25 13:07:27 INFO DAGScheduler: Executor lost: 2 (epoch 0)
21/04/25 13:07:27 INFO BlockManagerMasterEndpoint: Trying to remove executor 2 from BlockManagerMaster.
21/04/25 13:07:27 INFO BlockManagerMasterEndpoint: Removing block manager BlockManagerId(2, ip-172-31-72-93.ec2.internal, 37843, None)
21/04/25 13:07:27 INFO BlockManagerMaster: Removed 2 successfully in removeExecutor
21/04/25 13:07:27 INFO YarnSchedulerBackend$YarnDriverEndpoint: Disabling executor 1.
21/04/25 13:07:27 INFO DAGScheduler: Executor lost: 1 (epoch 0)
21/04/25 13:07:27 INFO BlockManagerMasterEndpoint: Trying to remove executor 1 from BlockManagerMaster.
21/04/25 13:07:27 INFO BlockManagerMasterEndpoint: Removing block manager BlockManagerId(1, ip-172-31-71-199.ec2.internal, 46101, None)
21/04/25 13:07:27 INFO BlockManagerMaster: Removed 1 successfully in removeExecutor
21/04/25 13:07:27 INFO YarnClusterScheduler: Executor 2 on ip-172-31-72-93.ec2.internal killed by driver.
21/04/25 13:07:27 INFO YarnClusterScheduler: Executor 1 on ip-172-31-71-199.ec2.internal killed by driver.
21/04/25 13:07:27 INFO ExecutorAllocationManager: Existing executor 2 has been removed (new total is 2)
21/04/25 13:07:27 INFO ExecutorAllocationManager: Existing executor 1 has been removed (new total is 1)
21/04/25 13:08:03 INFO TaskSetManager: Finished task 9.0 in stage 1.0 (TID 23) in 256751 ms on ip-172-31-72-83.ec2.internal (executor 3) (10/10)
21/04/25 13:08:03 INFO YarnClusterScheduler: Removed TaskSet 1.0, whose tasks have all completed, from pool
21/04/25 13:08:03 INFO DAGScheduler: ResultStage 1 (runJob at SparkHadoopWriter.scala:78) finished in 262.069 s
21/04/25 13:08:03 INFO DAGScheduler: Job 1 finished: runJob at SparkHadoopWriter.scala:78, took 262.078685 s
21/04/25 13:08:03 INFO FileOutputCommitter: File Output Committer Algorithm version is 2
21/04/25 13:08:03 INFO FileOutputCommitter: FileOutputCommitter skip cleanup _temporary folders under output directory:false, ignore cleanup failures: true
21/04/25 13:08:03 INFO DirectFileOutputCommitter: Direct Write: ENABLED
21/04/25 13:08:03 INFO DirectFileOutputCommitter: Nothing to clean up since no temporary files were written.
21/04/25 13:08:03 INFO MultipartUploadOutputStream: close closed:false s3://g16-cs6420-scala-local-k-means-clustering/m4.large_2M_output/_SUCCESS
21/04/25 13:08:03 INFO YarnAllocator: Driver requested a total number of 0 executor(s).
21/04/25 13:08:03 INFO SparkHadoopWriter: Job job_20210425130341_0010 committed.
21/04/25 13:08:08 INFO ContextCleaner: Cleaned accumulator 52
21/04/25 13:08:08 INFO ContextCleaner: Cleaned accumulator 51
21/04/25 13:08:08 INFO ContextCleaner: Cleaned accumulator 43
21/04/25 13:08:08 INFO ContextCleaner: Cleaned accumulator 39
21/04/25 13:08:08 INFO ContextCleaner: Cleaned accumulator 36
21/04/25 13:08:08 INFO ContextCleaner: Cleaned accumulator 47
21/04/25 13:08:08 INFO ContextCleaner: Cleaned accumulator 53
21/04/25 13:08:08 INFO ContextCleaner: Cleaned accumulator 50
21/04/25 13:08:08 INFO ContextCleaner: Cleaned accumulator 35
21/04/25 13:08:08 INFO ContextCleaner: Cleaned accumulator 45
21/04/25 13:08:08 INFO ContextCleaner: Cleaned accumulator 41
21/04/25 13:08:08 INFO ContextCleaner: Cleaned accumulator 38
21/04/25 13:08:08 INFO ContextCleaner: Cleaned accumulator 42
21/04/25 13:08:08 INFO ContextCleaner: Cleaned accumulator 37
21/04/25 13:08:08 INFO ContextCleaner: Cleaned accumulator 44
21/04/25 13:08:08 INFO ContextCleaner: Cleaned accumulator 54
21/04/25 13:08:08 INFO ContextCleaner: Cleaned accumulator 40
21/04/25 13:08:08 INFO ContextCleaner: Cleaned accumulator 30
21/04/25 13:08:08 INFO ContextCleaner: Cleaned accumulator 46
21/04/25 13:08:08 INFO ContextCleaner: Cleaned accumulator 32
21/04/25 13:08:08 INFO ContextCleaner: Cleaned accumulator 48
21/04/25 13:08:08 INFO ContextCleaner: Cleaned accumulator 49
21/04/25 13:08:08 INFO ContextCleaner: Cleaned accumulator 34
21/04/25 13:08:08 INFO ContextCleaner: Cleaned accumulator 33
21/04/25 13:08:08 INFO ContextCleaner: Cleaned accumulator 31
21/04/25 13:08:08 INFO BlockManagerInfo: Removed broadcast_4_piece1 on ip-172-31-72-83.ec2.internal:43535 in memory (size: 4.0 MB, free: 2.5 GB)
21/04/25 13:08:08 INFO BlockManagerInfo: Removed broadcast_4_piece2 on ip-172-31-72-83.ec2.internal:43535 in memory (size: 4.0 MB, free: 2.5 GB)
21/04/25 13:08:08 INFO BlockManagerInfo: Removed broadcast_4_piece5 on ip-172-31-72-83.ec2.internal:43535 in memory (size: 1254.5 KB, free: 2.5 GB)
21/04/25 13:08:08 INFO BlockManagerInfo: Removed broadcast_4_piece4 on ip-172-31-72-83.ec2.internal:43535 in memory (size: 4.0 MB, free: 2.5 GB)
21/04/25 13:08:08 INFO BlockManagerInfo: Removed broadcast_4_piece1 on ip-172-31-79-192.ec2.internal:41471 in memory (size: 4.0 MB, free: 2.2 GB)
21/04/25 13:08:08 INFO BlockManagerInfo: Removed broadcast_4_piece0 on ip-172-31-72-83.ec2.internal:43535 in memory (size: 4.0 MB, free: 2.5 GB)
21/04/25 13:08:08 INFO BlockManagerInfo: Removed broadcast_4_piece2 on ip-172-31-79-192.ec2.internal:41471 in memory (size: 4.0 MB, free: 2.2 GB)
21/04/25 13:08:08 INFO BlockManagerInfo: Removed broadcast_4_piece5 on ip-172-31-79-192.ec2.internal:41471 in memory (size: 1254.5 KB, free: 2.2 GB)
21/04/25 13:08:08 INFO BlockManagerInfo: Removed broadcast_4_piece3 on ip-172-31-72-83.ec2.internal:43535 in memory (size: 4.0 MB, free: 2.5 GB)
21/04/25 13:08:08 INFO BlockManagerInfo: Removed broadcast_4_piece4 on ip-172-31-79-192.ec2.internal:41471 in memory (size: 4.0 MB, free: 2.2 GB)
21/04/25 13:08:08 INFO BlockManagerInfo: Removed broadcast_4_piece0 on ip-172-31-79-192.ec2.internal:41471 in memory (size: 4.0 MB, free: 2.2 GB)
21/04/25 13:08:08 INFO BlockManagerInfo: Removed broadcast_4_piece3 on ip-172-31-79-192.ec2.internal:41471 in memory (size: 4.0 MB, free: 2.2 GB)
21/04/25 13:08:12 INFO SparkContext: Starting job: collect at LocalKMeans.scala:262
21/04/25 13:08:12 INFO DAGScheduler: Got job 2 (collect at LocalKMeans.scala:262) with 10 output partitions
21/04/25 13:08:12 INFO DAGScheduler: Final stage: ResultStage 2 (collect at LocalKMeans.scala:262)
21/04/25 13:08:12 INFO DAGScheduler: Parents of final stage: List()
21/04/25 13:08:12 INFO DAGScheduler: Missing parents: List()
21/04/25 13:08:12 INFO DAGScheduler: Submitting ResultStage 2 (MapPartitionsRDD[11] at map at LocalKMeans.scala:261), which has no missing parents
21/04/25 13:08:14 INFO YarnAllocator: Driver requested a total number of 2 executor(s).
21/04/25 13:08:14 INFO YarnAllocator: Will request up to 1 executor container(s), each with <memory:6144, max memory:2147483647, vCores:4, max vCores:2147483647>
21/04/25 13:08:14 INFO YarnAllocator: Submitted 1 unlocalized container requests.
21/04/25 13:08:14 INFO ExecutorAllocationManager: Requesting 2 new executors because tasks are backlogged (new desired total will be 2)
21/04/25 13:08:14 INFO YarnAllocator: Allocated container container_1619355630387_0001_01_000005 on host ip-172-31-72-93.ec2.internal for executor with ID 4 with resources <memory:6144, vCores:1, max vCores:4>
21/04/25 13:08:14 INFO YarnAllocator: Launching executor with 5173m of heap (plus 971m overhead) and 4 cores
21/04/25 13:08:14 INFO YarnAllocator: Received 1 containers from YARN, launching executors on 1 of them.
21/04/25 13:08:15 INFO YarnAllocator: Driver requested a total number of 3 executor(s).
21/04/25 13:08:15 INFO YarnAllocator: Will request up to 1 executor container(s), each with <memory:6144, max memory:2147483647, vCores:4, max vCores:2147483647>
21/04/25 13:08:15 INFO YarnAllocator: Submitted 1 unlocalized container requests.
21/04/25 13:08:15 INFO ExecutorAllocationManager: Requesting 1 new executor because tasks are backlogged (new desired total will be 3)
21/04/25 13:08:15 INFO YarnAllocator: Allocated container container_1619355630387_0001_01_000006 on host ip-172-31-71-199.ec2.internal for executor with ID 5 with resources <memory:6144, vCores:1, max vCores:4>
21/04/25 13:08:15 INFO YarnAllocator: Launching executor with 5173m of heap (plus 971m overhead) and 4 cores
21/04/25 13:08:15 INFO YarnAllocator: Received 1 containers from YARN, launching executors on 1 of them.
21/04/25 13:08:17 INFO MemoryStore: Block broadcast_5 stored as values in memory (estimated size 99.2 MB, free 2.1 GB)
21/04/25 13:08:17 INFO MemoryStore: Block broadcast_5_piece0 stored as bytes in memory (estimated size 4.0 MB, free 2.1 GB)
21/04/25 13:08:17 INFO BlockManagerInfo: Added broadcast_5_piece0 in memory on ip-172-31-79-192.ec2.internal:41471 (size: 4.0 MB, free: 2.2 GB)
21/04/25 13:08:17 INFO MemoryStore: Block broadcast_5_piece1 stored as bytes in memory (estimated size 4.0 MB, free 2.1 GB)
21/04/25 13:08:17 INFO BlockManagerInfo: Added broadcast_5_piece1 in memory on ip-172-31-79-192.ec2.internal:41471 (size: 4.0 MB, free: 2.2 GB)
21/04/25 13:08:17 INFO MemoryStore: Block broadcast_5_piece2 stored as bytes in memory (estimated size 4.0 MB, free 2.1 GB)
21/04/25 13:08:17 INFO BlockManagerInfo: Added broadcast_5_piece2 in memory on ip-172-31-79-192.ec2.internal:41471 (size: 4.0 MB, free: 2.2 GB)
21/04/25 13:08:17 INFO MemoryStore: Block broadcast_5_piece3 stored as bytes in memory (estimated size 4.0 MB, free 2.1 GB)
21/04/25 13:08:17 INFO BlockManagerInfo: Added broadcast_5_piece3 in memory on ip-172-31-79-192.ec2.internal:41471 (size: 4.0 MB, free: 2.2 GB)
21/04/25 13:08:17 INFO MemoryStore: Block broadcast_5_piece4 stored as bytes in memory (estimated size 4.0 MB, free 2.1 GB)
21/04/25 13:08:17 INFO BlockManagerInfo: Added broadcast_5_piece4 in memory on ip-172-31-79-192.ec2.internal:41471 (size: 4.0 MB, free: 2.2 GB)
21/04/25 13:08:17 INFO MemoryStore: Block broadcast_5_piece5 stored as bytes in memory (estimated size 1210.8 KB, free 2.1 GB)
21/04/25 13:08:17 INFO BlockManagerInfo: Added broadcast_5_piece5 in memory on ip-172-31-79-192.ec2.internal:41471 (size: 1210.8 KB, free: 2.2 GB)
21/04/25 13:08:17 INFO SparkContext: Created broadcast 5 from broadcast at DAGScheduler.scala:1224
21/04/25 13:08:17 INFO DAGScheduler: Submitting 10 missing tasks from ResultStage 2 (MapPartitionsRDD[11] at map at LocalKMeans.scala:261) (first 15 tasks are for partitions Vector(0, 1, 2, 3, 4, 5, 6, 7, 8, 9))
21/04/25 13:08:17 INFO YarnClusterScheduler: Adding task set 2.0 with 10 tasks
21/04/25 13:08:17 INFO TaskSetManager: Starting task 0.0 in stage 2.0 (TID 24, ip-172-31-72-83.ec2.internal, executor 3, partition 0, PROCESS_LOCAL, 7968 bytes)
21/04/25 13:08:17 INFO TaskSetManager: Starting task 1.0 in stage 2.0 (TID 25, ip-172-31-72-83.ec2.internal, executor 3, partition 1, PROCESS_LOCAL, 7968 bytes)
21/04/25 13:08:17 INFO TaskSetManager: Starting task 2.0 in stage 2.0 (TID 26, ip-172-31-72-83.ec2.internal, executor 3, partition 2, PROCESS_LOCAL, 7968 bytes)
21/04/25 13:08:17 INFO TaskSetManager: Starting task 3.0 in stage 2.0 (TID 27, ip-172-31-72-83.ec2.internal, executor 3, partition 3, PROCESS_LOCAL, 7968 bytes)
21/04/25 13:08:17 INFO BlockManagerInfo: Added broadcast_5_piece2 in memory on ip-172-31-72-83.ec2.internal:43535 (size: 4.0 MB, free: 2.5 GB)
21/04/25 13:08:17 INFO BlockManagerInfo: Added broadcast_5_piece3 in memory on ip-172-31-72-83.ec2.internal:43535 (size: 4.0 MB, free: 2.5 GB)
21/04/25 13:08:17 INFO BlockManagerInfo: Added broadcast_5_piece4 in memory on ip-172-31-72-83.ec2.internal:43535 (size: 4.0 MB, free: 2.5 GB)
21/04/25 13:08:17 INFO BlockManagerInfo: Added broadcast_5_piece5 in memory on ip-172-31-72-83.ec2.internal:43535 (size: 1210.8 KB, free: 2.5 GB)
21/04/25 13:08:17 INFO BlockManagerInfo: Added broadcast_5_piece0 in memory on ip-172-31-72-83.ec2.internal:43535 (size: 4.0 MB, free: 2.5 GB)
21/04/25 13:08:17 INFO BlockManagerInfo: Added broadcast_5_piece1 in memory on ip-172-31-72-83.ec2.internal:43535 (size: 4.0 MB, free: 2.5 GB)
21/04/25 13:08:18 INFO YarnSchedulerBackend$YarnDriverEndpoint: Registered executor NettyRpcEndpointRef(spark-client://Executor) (172.31.72.93:47598) with ID 4
21/04/25 13:08:18 INFO TaskSetManager: Starting task 4.0 in stage 2.0 (TID 28, ip-172-31-72-93.ec2.internal, executor 4, partition 4, PROCESS_LOCAL, 7968 bytes)
21/04/25 13:08:18 INFO ExecutorAllocationManager: New executor 4 has registered (new total is 2)
21/04/25 13:08:18 INFO TaskSetManager: Starting task 5.0 in stage 2.0 (TID 29, ip-172-31-72-93.ec2.internal, executor 4, partition 5, PROCESS_LOCAL, 7968 bytes)
21/04/25 13:08:18 INFO TaskSetManager: Starting task 6.0 in stage 2.0 (TID 30, ip-172-31-72-93.ec2.internal, executor 4, partition 6, PROCESS_LOCAL, 7968 bytes)
21/04/25 13:08:18 INFO TaskSetManager: Starting task 7.0 in stage 2.0 (TID 31, ip-172-31-72-93.ec2.internal, executor 4, partition 7, PROCESS_LOCAL, 7968 bytes)
21/04/25 13:08:18 INFO BlockManagerMasterEndpoint: Registering block manager ip-172-31-72-93.ec2.internal:39107 with 2.5 GB RAM, BlockManagerId(4, ip-172-31-72-93.ec2.internal, 39107, None)
21/04/25 13:08:19 INFO YarnSchedulerBackend$YarnDriverEndpoint: Registered executor NettyRpcEndpointRef(spark-client://Executor) (172.31.71.199:34228) with ID 5
21/04/25 13:08:19 INFO TaskSetManager: Starting task 8.0 in stage 2.0 (TID 32, ip-172-31-71-199.ec2.internal, executor 5, partition 8, PROCESS_LOCAL, 7968 bytes)
21/04/25 13:08:19 INFO TaskSetManager: Starting task 9.0 in stage 2.0 (TID 33, ip-172-31-71-199.ec2.internal, executor 5, partition 9, PROCESS_LOCAL, 7968 bytes)
21/04/25 13:08:19 INFO ExecutorAllocationManager: New executor 5 has registered (new total is 3)
21/04/25 13:08:19 INFO BlockManagerInfo: Added broadcast_5_piece3 in memory on ip-172-31-72-93.ec2.internal:39107 (size: 4.0 MB, free: 2.5 GB)
21/04/25 13:08:19 INFO BlockManagerInfo: Added broadcast_5_piece2 in memory on ip-172-31-72-93.ec2.internal:39107 (size: 4.0 MB, free: 2.5 GB)
21/04/25 13:08:19 INFO BlockManagerMasterEndpoint: Registering block manager ip-172-31-71-199.ec2.internal:44321 with 2.5 GB RAM, BlockManagerId(5, ip-172-31-71-199.ec2.internal, 44321, None)
21/04/25 13:08:19 INFO BlockManagerInfo: Added broadcast_5_piece5 in memory on ip-172-31-72-93.ec2.internal:39107 (size: 1210.8 KB, free: 2.5 GB)
21/04/25 13:08:20 INFO BlockManagerInfo: Added broadcast_5_piece0 in memory on ip-172-31-72-93.ec2.internal:39107 (size: 4.0 MB, free: 2.5 GB)
21/04/25 13:08:20 INFO BlockManagerInfo: Added broadcast_5_piece4 in memory on ip-172-31-72-93.ec2.internal:39107 (size: 4.0 MB, free: 2.5 GB)
21/04/25 13:08:20 INFO BlockManagerInfo: Added broadcast_5_piece1 in memory on ip-172-31-72-93.ec2.internal:39107 (size: 4.0 MB, free: 2.5 GB)
21/04/25 13:08:20 INFO BlockManagerInfo: Added broadcast_5_piece1 in memory on ip-172-31-71-199.ec2.internal:44321 (size: 4.0 MB, free: 2.5 GB)
21/04/25 13:08:20 INFO BlockManagerInfo: Added broadcast_5_piece4 in memory on ip-172-31-71-199.ec2.internal:44321 (size: 4.0 MB, free: 2.5 GB)
21/04/25 13:08:20 INFO BlockManagerInfo: Added broadcast_5_piece0 in memory on ip-172-31-71-199.ec2.internal:44321 (size: 4.0 MB, free: 2.5 GB)
21/04/25 13:08:21 INFO BlockManagerInfo: Added broadcast_5_piece2 in memory on ip-172-31-71-199.ec2.internal:44321 (size: 4.0 MB, free: 2.5 GB)
21/04/25 13:08:21 INFO BlockManagerInfo: Added broadcast_5_piece3 in memory on ip-172-31-71-199.ec2.internal:44321 (size: 4.0 MB, free: 2.5 GB)
21/04/25 13:08:21 INFO BlockManagerInfo: Added broadcast_5_piece5 in memory on ip-172-31-71-199.ec2.internal:44321 (size: 1210.8 KB, free: 2.5 GB)
21/04/25 13:08:28 INFO BlockManagerInfo: Added broadcast_0_piece0 in memory on ip-172-31-71-199.ec2.internal:44321 (size: 44.3 KB, free: 2.5 GB)
21/04/25 13:08:33 INFO BlockManagerInfo: Added broadcast_0_piece0 in memory on ip-172-31-72-93.ec2.internal:39107 (size: 44.3 KB, free: 2.5 GB)
21/04/25 13:08:48 INFO TaskSetManager: Finished task 0.0 in stage 2.0 (TID 24) in 30576 ms on ip-172-31-72-83.ec2.internal (executor 3) (1/10)
21/04/25 13:09:16 INFO TaskSetManager: Finished task 1.0 in stage 2.0 (TID 25) in 58594 ms on ip-172-31-72-83.ec2.internal (executor 3) (2/10)
21/04/25 13:09:16 INFO YarnAllocator: Driver requested a total number of 2 executor(s).
21/04/25 13:09:26 INFO TaskSetManager: Finished task 2.0 in stage 2.0 (TID 26) in 69058 ms on ip-172-31-72-83.ec2.internal (executor 3) (3/10)
21/04/25 13:09:30 INFO TaskSetManager: Finished task 3.0 in stage 2.0 (TID 27) in 73317 ms on ip-172-31-72-83.ec2.internal (executor 3) (4/10)
21/04/25 13:10:31 INFO ExecutorAllocationManager: Request to remove executorIds: 3
21/04/25 13:10:31 INFO YarnClusterSchedulerBackend: Requesting to kill executor(s) 3
21/04/25 13:10:31 INFO YarnClusterSchedulerBackend: Actual list of executor(s) to be killed is 3
21/04/25 13:10:31 INFO ApplicationMaster$AMEndpoint: Driver requested to kill executor(s) 3.
21/04/25 13:10:31 INFO ExecutorAllocationManager: Removing executor 3 because it has been idle for 60 seconds (new desired total will be 2)
21/04/25 13:10:32 INFO YarnSchedulerBackend$YarnDriverEndpoint: Disabling executor 3.
21/04/25 13:10:32 INFO DAGScheduler: Executor lost: 3 (epoch 0)
21/04/25 13:10:32 INFO BlockManagerMasterEndpoint: Trying to remove executor 3 from BlockManagerMaster.
21/04/25 13:10:32 INFO BlockManagerMasterEndpoint: Removing block manager BlockManagerId(3, ip-172-31-72-83.ec2.internal, 43535, None)
21/04/25 13:10:32 INFO YarnClusterScheduler: Executor 3 on ip-172-31-72-83.ec2.internal killed by driver.
21/04/25 13:10:32 INFO ExecutorAllocationManager: Existing executor 3 has been removed (new total is 2)
21/04/25 13:10:32 INFO BlockManagerMaster: Removed 3 successfully in removeExecutor
21/04/25 13:11:02 INFO TaskSetManager: Finished task 5.0 in stage 2.0 (TID 29) in 163705 ms on ip-172-31-72-93.ec2.internal (executor 4) (5/10)
21/04/25 13:11:03 INFO TaskSetManager: Finished task 8.0 in stage 2.0 (TID 32) in 164263 ms on ip-172-31-71-199.ec2.internal (executor 5) (6/10)
21/04/25 13:11:03 INFO YarnAllocator: Driver requested a total number of 1 executor(s).
21/04/25 13:11:06 INFO TaskSetManager: Finished task 4.0 in stage 2.0 (TID 28) in 168383 ms on ip-172-31-72-93.ec2.internal (executor 4) (7/10)
21/04/25 13:11:33 INFO TaskSetManager: Finished task 9.0 in stage 2.0 (TID 33) in 193710 ms on ip-172-31-71-199.ec2.internal (executor 5) (8/10)
21/04/25 13:11:40 INFO TaskSetManager: Finished task 6.0 in stage 2.0 (TID 30) in 201803 ms on ip-172-31-72-93.ec2.internal (executor 4) (9/10)
21/04/25 13:12:18 INFO TaskSetManager: Finished task 7.0 in stage 2.0 (TID 31) in 239655 ms on ip-172-31-72-93.ec2.internal (executor 4) (10/10)
21/04/25 13:12:18 INFO YarnClusterScheduler: Removed TaskSet 2.0, whose tasks have all completed, from pool
21/04/25 13:12:18 INFO DAGScheduler: ResultStage 2 (collect at LocalKMeans.scala:262) finished in 245.112 s
21/04/25 13:12:18 INFO DAGScheduler: Job 2 finished: collect at LocalKMeans.scala:262, took 245.114826 s
21/04/25 13:12:18 INFO SparkUI: Stopped Spark web UI at http://ip-172-31-79-192.ec2.internal:39557
21/04/25 13:12:18 INFO YarnAllocator: Driver requested a total number of 0 executor(s).
21/04/25 13:12:18 INFO YarnClusterSchedulerBackend: Shutting down all executors
21/04/25 13:12:18 INFO YarnSchedulerBackend$YarnDriverEndpoint: Asking each executor to shut down
21/04/25 13:12:18 INFO SchedulerExtensionServices: Stopping SchedulerExtensionServices
(serviceOption=None,
 services=List(),
 started=false)
21/04/25 13:12:18 INFO MapOutputTrackerMasterEndpoint: MapOutputTrackerMasterEndpoint stopped!
21/04/25 13:12:18 INFO MemoryStore: MemoryStore cleared
21/04/25 13:12:18 INFO BlockManager: BlockManager stopped
21/04/25 13:12:18 INFO BlockManagerMaster: BlockManagerMaster stopped
21/04/25 13:12:18 INFO OutputCommitCoordinator$OutputCommitCoordinatorEndpoint: OutputCommitCoordinator stopped!
21/04/25 13:12:18 INFO SparkContext: Successfully stopped SparkContext
21/04/25 13:12:18 INFO root: ---------- Program runtime:	{560.072583458 second(s)} ----------
21/04/25 13:12:18 INFO root: ---------- Program runtime:	{9.334543057633335 minute(s)} ----------
21/04/25 13:12:18 INFO root: ---------- Program runtime:	{0.15557571762722225 hour(s)} ----------
21/04/25 13:12:18 INFO ApplicationMaster: Final app status: SUCCEEDED, exitCode: 0
21/04/25 13:12:18 INFO ApplicationMaster: Unregistering ApplicationMaster with SUCCEEDED
21/04/25 13:12:18 INFO AMRMClientImpl: Waiting for application to be successfully unregistered.
21/04/25 13:12:18 INFO ApplicationMaster: Deleting staging directory hdfs://ip-172-31-68-162.ec2.internal:8020/user/hadoop/.sparkStaging/application_1619355630387_0001
21/04/25 13:12:18 INFO ShutdownHookManager: Shutdown hook called
21/04/25 13:12:18 INFO ShutdownHookManager: Deleting directory /mnt/yarn/usercache/hadoop/appcache/application_1619355630387_0001/spark-c5910ede-d499-4194-adc3-0331f61de93c