********** Final centers computed for k=1 **********
1 -> DenseVector(42.002457712794495, 8.357033221379197, 69.74129589177114)
********** Final centers computed for k=2 **********
2 -> DenseVector(38.301767349243164, -122.72929225248448, 1292021.8823529412)
1 -> DenseVector(42.00252062560021, 8.359261726796845, 47.77773611328481)
********** Final centers computed for k=3 **********
2 -> DenseVector(40.879481236398085, -105.23482266599152, 50.58042833167024)
1 -> DenseVector(42.64431792906769, 73.27628757899481, 46.176046692842405)
3 -> DenseVector(38.301767349243164, -122.72929225248448, 1292021.8823529412)
********** Final centers computed for k=4 **********
2 -> DenseVector(40.94216449962846, -105.19696360782645, 31.82439262721388)
4 -> DenseVector(38.301767349243164, -122.72929225248448, 1292021.8823529412)
1 -> DenseVector(35.937093440196605, 134.42459309141321, 33.08918887071399)
3 -> DenseVector(49.00754322365007, 9.361774671841763, 79.21323494773465)
********** Final centers computed for k=5 **********
2 -> DenseVector(40.921115305497665, -105.20740705179841, 33.236378105679)
5 -> DenseVector(38.301767349243164, -122.72929225248448, 1292021.8823529412)
4 -> DenseVector(36.09859469216111, 28.773206575026318, 776.1803208879364)
1 -> DenseVector(50.10951412866624, 10.668866822777439, 34.14471762225323)
3 -> DenseVector(35.087001056988576, 137.69111324794372, 35.629008865539625)
********** Final centers computed for k=6 **********
2 -> DenseVector(36.09790847610198, 28.912555265447008, 776.5232235177648)
5 -> DenseVector(41.712926940869934, -75.65981559170133, 26.60394068422272)
4 -> DenseVector(35.087001056988576, 137.69111324794372, 35.629008865539625)
1 -> DenseVector(50.10951412866624, 10.668866822777439, 34.14471762225323)
3 -> DenseVector(40.4919550957235, -121.21135457044208, 36.857791630835386)
6 -> DenseVector(38.301767349243164, -122.72929225248448, 1292021.8823529412)
********** Final centers computed for k=7 **********
2 -> DenseVector(48.2625255611193, 13.714785930776566, 52.14550436087166)
5 -> DenseVector(35.08737387759075, 137.69150483675242, 35.62289201924213)
4 -> DenseVector(40.49160176362802, -121.22331321687005, 36.79137454106796)
7 -> DenseVector(38.301767349243164, -122.72929225248448, 1292021.8823529412)
1 -> DenseVector(50.70656687585987, 9.661082390816343, 28.381850615208684)
3 -> DenseVector(36.09652800677706, 28.929340403350803, 776.7243974246093)
6 -> DenseVector(41.712931663479054, -75.6597781936448, 26.60495744095029)
********** Final centers computed for k=8 **********
8 -> DenseVector(38.301767349243164, -122.72929225248448, 1292021.8823529412)
2 -> DenseVector(48.26880685575562, 13.712275022276465, 52.03031707533872)
5 -> DenseVector(35.08633754866511, 137.69019536513164, 35.44871888371522)
4 -> DenseVector(40.493520065526006, -121.22987688123365, 36.61162694291853)
7 -> DenseVector(41.7123699043508, -75.66262177473544, 26.613610194579746)
1 -> DenseVector(50.707004054413176, 9.659913422638251, 28.376062386349624)
3 -> DenseVector(36.10735701940855, 28.98971470506925, 749.0562064383153)
6 -> DenseVector(35.282734443874794, -107.7167687089844, 55496.666666666664)
********** Final centers computed for k=9 **********
8 -> DenseVector(38.301767349243164, -122.72929225248448, 1292021.8823529412)
2 -> DenseVector(50.42289185907388, 6.630708446104376, 30.4507286896152)
5 -> DenseVector(35.086363873590486, 137.69023562829, 35.48813732205291)
4 -> DenseVector(40.493537821924235, -121.23108840102852, 36.60304605230999)
7 -> DenseVector(41.7123699043508, -75.66262177473544, 26.613610194579746)
1 -> DenseVector(54.94423170473352, 61.28902584233984, -0.2672959697824937)
9 -> DenseVector(36.10581294105897, 28.914131446013062, 749.3207083729135)
3 -> DenseVector(48.12057535671292, 14.348676698810314, 53.252490237138495)
6 -> DenseVector(35.282734443874794, -107.7167687089844, 55496.666666666664)
********** Final centers computed for k=10 **********
8 -> DenseVector(35.26489404892809, 28.10766562751686, 596.231598341778)
2 -> DenseVector(50.450223562486855, 6.421630808356582, 30.19621936652448)
5 -> DenseVector(35.082841238717236, 137.68585118955443, 34.975398315108684)
4 -> DenseVector(40.505341968465224, -121.27154983066343, 35.64686362259857)
7 -> DenseVector(35.31591461472733, -107.88174312575124, 59678.61538461539)
10 -> DenseVector(40.6853342275761, 20.186745605881665, 1356.9226834692365)
1 -> DenseVector(54.94856988910245, 61.29046138393907, -0.2724699724921633)
9 -> DenseVector(38.301767349243164, -122.72929225248448, 1292021.8823529412)
3 -> DenseVector(48.2268600828511, 14.391561727570567, 51.77750043990277)
6 -> DenseVector(41.710995916466345, -75.66948860845588, 26.636970175501734)